Resolving dependencies...
Downloading packages...
  _fe_analyzer_shared 93.0.0 (94.0.0 available)
  analyzer 10.0.1 (10.0.2 available)
  characters 1.4.0 (1.4.1 available)
  flutter_lints 3.0.2 (6.0.0 available)
  go_router 12.1.3 (17.0.1 available)
  intl 0.19.0 (0.20.2 available)
  lints 3.0.0 (6.1.0 available)
  matcher 0.12.17 (0.12.18 available)
  material_color_utilities 0.11.1 (0.13.0 available)
  meta 1.17.0 (1.18.1 available)
  test_api 0.7.7 (0.7.9 available)
Got dependencies!
11 packages have newer versions incompatible with dependency constraints.
Try `flutter pub outdated` for more information.
Launching lib\main.dart on Chrome in debug mode...
Waiting for connection from debug service on Chrome...             15,3s

Flutter run key commands.
r Hot reload. 
R Hot restart.
h List all available interactive commands.
d Detach (terminate "flutter run" but leave application running).
c Clear the screen
q Quit (terminate the application on the device).

This app is linked to the debug service: ws://127.0.0.1:61999/EnJYhYF7fO4=/ws
Debug service listening on ws://127.0.0.1:61999/EnJYhYF7fO4=/ws
A Dart VM Service on Chrome is available at: http://127.0.0.1:61999/EnJYhYF7fO4=
The Flutter DevTools debugger and profiler on Chrome is available at: http://127.0.0.1:61999/EnJYhYF7fO4=/devtools/?uri=ws://127.0.0.1:61999/EnJYhYF7fO4=/ws
Starting application from main method in: org-dartlang-app:/web_entrypoint.dart.
[38;5;12mÔöîÔöÇÔöÇÔöÇÔöÇÔöÇÔöÇÔöÇÔöÇÔöÇÔöÇÔöÇÔöÇÔöÇÔöÇÔöÇÔöÇÔöÇÔöÇÔöÇÔöÇÔöÇÔöÇÔöÇÔöÇÔöÇÔöÇÔöÇÔöÇÔöÇÔöÇÔöÇÔöÇÔöÇÔöÇÔöÇÔöÇÔöÇÔöÇÔöÇÔöÇÔöÇÔöÇÔöÇÔöÇÔöÇÔöÇÔöÇÔöÇÔöÇÔöÇÔöÇÔöÇÔöÇÔöÇÔöÇÔöÇÔöÇÔöÇÔöÇÔöÇÔöÇÔöÇÔöÇÔöÇÔöÇÔöÇÔöÇÔöÇÔöÇÔöÇÔöÇÔöÇÔöÇÔöÇÔöÇÔöÇÔöÇÔöÇÔöÇÔöÇÔöÇÔöÇÔöÇÔöÇÔöÇÔöÇÔöÇÔöÇÔöÇÔöÇÔöÇÔöÇÔöÇÔöÇÔöÇÔöÇÔöÇÔöÇÔöÇÔöÇÔöÇÔöÇÔöÇÔöÇÔöÇÔöÇÔöÇÔöÇÔöÇÔöÇÔöÇÔöÇÔöÇÔöÇÔöÇÔöÇÔöÇÔöÇÔöÇ[0m
[38;5;12mÔöé #0   package:controle_habitos/utils/api_exceptions.dart 40:5                           logRequest[0m
[38;5;12mÔöé #1   package:controle_habitos/services/auth_service.dart 59:17                         <fn>[0m
[38;5;12mÔö£ÔöäÔöäÔöäÔöäÔöäÔöäÔöäÔöäÔöäÔöäÔöäÔöäÔöäÔöäÔöäÔöäÔöäÔöäÔöäÔöäÔöäÔöäÔöäÔöäÔöäÔöäÔöäÔöäÔöäÔöäÔöäÔöäÔöäÔöäÔöäÔöäÔöäÔöäÔöäÔöäÔöäÔöäÔöäÔöäÔöäÔöäÔöäÔöäÔöäÔöäÔöäÔöäÔöäÔöäÔöäÔöäÔöäÔöäÔöäÔöäÔöäÔöäÔöäÔöäÔöäÔöäÔöäÔöäÔöäÔöäÔöäÔöäÔöäÔöäÔöäÔöäÔöäÔöäÔöäÔöäÔöäÔöäÔöäÔöäÔöäÔöäÔöäÔöäÔöäÔöäÔöäÔöäÔöäÔöäÔöäÔöäÔöäÔöäÔöäÔöäÔöäÔöäÔöäÔöäÔöäÔöäÔöäÔöäÔöäÔöäÔöäÔöäÔöäÔöäÔöäÔöäÔöäÔöäÔöä[0m
[38;5;12mÔöé 08:24:43.021 (+0:00:00.001000)[0m
[38;5;12mÔö£ÔöäÔöäÔöäÔöäÔöäÔöäÔöäÔöäÔöäÔöäÔöäÔöäÔöäÔöäÔöäÔöäÔöäÔöäÔöäÔöäÔöäÔöäÔöäÔöäÔöäÔöäÔöäÔöäÔöäÔöäÔöäÔöäÔöäÔöäÔöäÔöäÔöäÔöäÔöäÔöäÔöäÔöäÔöäÔöäÔöäÔöäÔöäÔöäÔöäÔöäÔöäÔöäÔöäÔöäÔöäÔöäÔöäÔöäÔöäÔöäÔöäÔöäÔöäÔöäÔöäÔöäÔöäÔöäÔöäÔöäÔöäÔöäÔöäÔöäÔöäÔöäÔöäÔöäÔöäÔöäÔöäÔöäÔöäÔöäÔöäÔöäÔöäÔöäÔöäÔöäÔöäÔöäÔöäÔöäÔöäÔöäÔöäÔöäÔöäÔöäÔöäÔöäÔöäÔöäÔöäÔöäÔöäÔöäÔöäÔöäÔöäÔöäÔöäÔöäÔöäÔöäÔöäÔöäÔöä[0m
[38;5;12mÔöé ­ƒÆí ­ƒôñ POST /users/login[0m
[38;5;12mÔöé ­ƒÆí Data: {email: joao@example.com, password: ***}[0m
[38;5;12mÔööÔöÇÔöÇÔöÇÔöÇÔöÇÔöÇÔöÇÔöÇÔöÇÔöÇÔöÇÔöÇÔöÇÔöÇÔöÇÔöÇÔöÇÔöÇÔöÇÔöÇÔöÇÔöÇÔöÇÔöÇÔöÇÔöÇÔöÇÔöÇÔöÇÔöÇÔöÇÔöÇÔöÇÔöÇÔöÇÔöÇÔöÇÔöÇÔöÇÔöÇÔöÇÔöÇÔöÇÔöÇÔöÇÔöÇÔöÇÔöÇÔöÇÔöÇÔöÇÔöÇÔöÇÔöÇÔöÇÔöÇÔöÇÔöÇÔöÇÔöÇÔöÇÔöÇÔöÇÔöÇÔöÇÔöÇÔöÇÔöÇÔöÇÔöÇÔöÇÔöÇÔöÇÔöÇÔöÇÔöÇÔöÇÔöÇÔöÇÔöÇÔöÇÔöÇÔöÇÔöÇÔöÇÔöÇÔöÇÔöÇÔöÇÔöÇÔöÇÔöÇÔöÇÔöÇÔöÇÔöÇÔöÇÔöÇÔöÇÔöÇÔöÇÔöÇÔöÇÔöÇÔöÇÔöÇÔöÇÔöÇÔöÇÔöÇÔöÇÔöÇÔöÇÔöÇÔöÇÔöÇÔöÇÔöÇÔöÇ[0m
[38;5;12mÔöîÔöÇÔöÇÔöÇÔöÇÔöÇÔöÇÔöÇÔöÇÔöÇÔöÇÔöÇÔöÇÔöÇÔöÇÔöÇÔöÇÔöÇÔöÇÔöÇÔöÇÔöÇÔöÇÔöÇÔöÇÔöÇÔöÇÔöÇÔöÇÔöÇÔöÇÔöÇÔöÇÔöÇÔöÇÔöÇÔöÇÔöÇÔöÇÔöÇÔöÇÔöÇÔöÇÔöÇÔöÇÔöÇÔöÇÔöÇÔöÇÔöÇÔöÇÔöÇÔöÇÔöÇÔöÇÔöÇÔöÇÔöÇÔöÇÔöÇÔöÇÔöÇÔöÇÔöÇÔöÇÔöÇÔöÇÔöÇÔöÇÔöÇÔöÇÔöÇÔöÇÔöÇÔöÇÔöÇÔöÇÔöÇÔöÇÔöÇÔöÇÔöÇÔöÇÔöÇÔöÇÔöÇÔöÇÔöÇÔöÇÔöÇÔöÇÔöÇÔöÇÔöÇÔöÇÔöÇÔöÇÔöÇÔöÇÔöÇÔöÇÔöÇÔöÇÔöÇÔöÇÔöÇÔöÇÔöÇÔöÇÔöÇÔöÇÔöÇÔöÇÔöÇÔöÇÔöÇÔöÇÔöÇÔöÇÔöÇ[0m
[38;5;12mÔöé #0   package:controle_habitos/utils/api_exceptions.dart 44:5                           logResponse[0m
[38;5;12mÔöé #1   package:controle_habitos/services/auth_service.dart 72:17                         <fn>[0m
[38;5;12mÔö£ÔöäÔöäÔöäÔöäÔöäÔöäÔöäÔöäÔöäÔöäÔöäÔöäÔöäÔöäÔöäÔöäÔöäÔöäÔöäÔöäÔöäÔöäÔöäÔöäÔöäÔöäÔöäÔöäÔöäÔöäÔöäÔöäÔöäÔöäÔöäÔöäÔöäÔöäÔöäÔöäÔöäÔöäÔöäÔöäÔöäÔöäÔöäÔöäÔöäÔöäÔöäÔöäÔöäÔöäÔöäÔöäÔöäÔöäÔöäÔöäÔöäÔöäÔöäÔöäÔöäÔöäÔöäÔöäÔöäÔöäÔöäÔöäÔöäÔöäÔöäÔöäÔöäÔöäÔöäÔöäÔöäÔöäÔöäÔöäÔöäÔöäÔöäÔöäÔöäÔöäÔöäÔöäÔöäÔöäÔöäÔöäÔöäÔöäÔöäÔöäÔöäÔöäÔöäÔöäÔöäÔöäÔöäÔöäÔöäÔöäÔöäÔöäÔöäÔöäÔöäÔöäÔöäÔöäÔöä[0m
[38;5;12mÔöé 08:24:43.787 (+0:00:00.767000)[0m
[38;5;12mÔö£ÔöäÔöäÔöäÔöäÔöäÔöäÔöäÔöäÔöäÔöäÔöäÔöäÔöäÔöäÔöäÔöäÔöäÔöäÔöäÔöäÔöäÔöäÔöäÔöäÔöäÔöäÔöäÔöäÔöäÔöäÔöäÔöäÔöäÔöäÔöäÔöäÔöäÔöäÔöäÔöäÔöäÔöäÔöäÔöäÔöäÔöäÔöäÔöäÔöäÔöäÔöäÔöäÔöäÔöäÔöäÔöäÔöäÔöäÔöäÔöäÔöäÔöäÔöäÔöäÔöäÔöäÔöäÔöäÔöäÔöäÔöäÔöäÔöäÔöäÔöäÔöäÔöäÔöäÔöäÔöäÔöäÔöäÔöäÔöäÔöäÔöäÔöäÔöäÔöäÔöäÔöäÔöäÔöäÔöäÔöäÔöäÔöäÔöäÔöäÔöäÔöäÔöäÔöäÔöäÔöäÔöäÔöäÔöäÔöäÔöäÔöäÔöäÔöäÔöäÔöäÔöäÔöäÔöäÔöä[0m
[38;5;12mÔöé ­ƒÆí ­ƒôÑ /users/login [200][0m
[38;5;12mÔöé ­ƒÆí Response: {access_token: eyJhbGciOiJIUzI1NiIsInR5cCI6IkpXVCJ9.eyJ1c2VyX2lkIjoxLCJleHAiOjE3NzAxMTk2ODN9.vD0qYG6oTMZ-BYslOmetM5auyR6XlWLVHmDqe9WM-s4, token_type: bearer}[0m
[38;5;12mÔööÔöÇÔöÇÔöÇÔöÇÔöÇÔöÇÔöÇÔöÇÔöÇÔöÇÔöÇÔöÇÔöÇÔöÇÔöÇÔöÇÔöÇÔöÇÔöÇÔöÇÔöÇÔöÇÔöÇÔöÇÔöÇÔöÇÔöÇÔöÇÔöÇÔöÇÔöÇÔöÇÔöÇÔöÇÔöÇÔöÇÔöÇÔöÇÔöÇÔöÇÔöÇÔöÇÔöÇÔöÇÔöÇÔöÇÔöÇÔöÇÔöÇÔöÇÔöÇÔöÇÔöÇÔöÇÔöÇÔöÇÔöÇÔöÇÔöÇÔöÇÔöÇÔöÇÔöÇÔöÇÔöÇÔöÇÔöÇÔöÇÔöÇÔöÇÔöÇÔöÇÔöÇÔöÇÔöÇÔöÇÔöÇÔöÇÔöÇÔöÇÔöÇÔöÇÔöÇÔöÇÔöÇÔöÇÔöÇÔöÇÔöÇÔöÇÔöÇÔöÇÔöÇÔöÇÔöÇÔöÇÔöÇÔöÇÔöÇÔöÇÔöÇÔöÇÔöÇÔöÇÔöÇÔöÇÔöÇÔöÇÔöÇÔöÇÔöÇÔöÇÔöÇÔöÇÔöÇÔöÇÔöÇÔöÇÔöÇ[0m
[38;5;12mÔöîÔöÇÔöÇÔöÇÔöÇÔöÇÔöÇÔöÇÔöÇÔöÇÔöÇÔöÇÔöÇÔöÇÔöÇÔöÇÔöÇÔöÇÔöÇÔöÇÔöÇÔöÇÔöÇÔöÇÔöÇÔöÇÔöÇÔöÇÔöÇÔöÇÔöÇÔöÇÔöÇÔöÇÔöÇÔöÇÔöÇÔöÇÔöÇÔöÇÔöÇÔöÇÔöÇÔöÇÔöÇÔöÇÔöÇÔöÇÔöÇÔöÇÔöÇÔöÇÔöÇÔöÇÔöÇÔöÇÔöÇÔöÇÔöÇÔöÇÔöÇÔöÇÔöÇÔöÇÔöÇÔöÇÔöÇÔöÇÔöÇÔöÇÔöÇÔöÇÔöÇÔöÇÔöÇÔöÇÔöÇÔöÇÔöÇÔöÇÔöÇÔöÇÔöÇÔöÇÔöÇÔöÇÔöÇÔöÇÔöÇÔöÇÔöÇÔöÇÔöÇÔöÇÔöÇÔöÇÔöÇÔöÇÔöÇÔöÇÔöÇÔöÇÔöÇÔöÇÔöÇÔöÇÔöÇÔöÇÔöÇÔöÇÔöÇÔöÇÔöÇÔöÇÔöÇÔöÇÔöÇÔöÇÔöÇÔöÇ[0m
[38;5;12mÔöé #0   package:controle_habitos/utils/api_exceptions.dart 40:5                           logRequest[0m
[38;5;12mÔöé #1   package:controle_habitos/services/auth_service.dart 87:17                         <fn>[0m
[38;5;12mÔö£ÔöäÔöäÔöäÔöäÔöäÔöäÔöäÔöäÔöäÔöäÔöäÔöäÔöäÔöäÔöäÔöäÔöäÔöäÔöäÔöäÔöäÔöäÔöäÔöäÔöäÔöäÔöäÔöäÔöäÔöäÔöäÔöäÔöäÔöäÔöäÔöäÔöäÔöäÔöäÔöäÔöäÔöäÔöäÔöäÔöäÔöäÔöäÔöäÔöäÔöäÔöäÔöäÔöäÔöäÔöäÔöäÔöäÔöäÔöäÔöäÔöäÔöäÔöäÔöäÔöäÔöäÔöäÔöäÔöäÔöäÔöäÔöäÔöäÔöäÔöäÔöäÔöäÔöäÔöäÔöäÔöäÔöäÔöäÔöäÔöäÔöäÔöäÔöäÔöäÔöäÔöäÔöäÔöäÔöäÔöäÔöäÔöäÔöäÔöäÔöäÔöäÔöäÔöäÔöäÔöäÔöäÔöäÔöäÔöäÔöäÔöäÔöäÔöäÔöäÔöäÔöäÔöäÔöäÔöä[0m
[38;5;12mÔöé 08:24:43.799 (+0:00:00.779000)[0m
[38;5;12mÔö£ÔöäÔöäÔöäÔöäÔöäÔöäÔöäÔöäÔöäÔöäÔöäÔöäÔöäÔöäÔöäÔöäÔöäÔöäÔöäÔöäÔöäÔöäÔöäÔöäÔöäÔöäÔöäÔöäÔöäÔöäÔöäÔöäÔöäÔöäÔöäÔöäÔöäÔöäÔöäÔöäÔöäÔöäÔöäÔöäÔöäÔöäÔöäÔöäÔöäÔöäÔöäÔöäÔöäÔöäÔöäÔöäÔöäÔöäÔöäÔöäÔöäÔöäÔöäÔöäÔöäÔöäÔöäÔöäÔöäÔöäÔöäÔöäÔöäÔöäÔöäÔöäÔöäÔöäÔöäÔöäÔöäÔöäÔöäÔöäÔöäÔöäÔöäÔöäÔöäÔöäÔöäÔöäÔöäÔöäÔöäÔöäÔöäÔöäÔöäÔöäÔöäÔöäÔöäÔöäÔöäÔöäÔöäÔöäÔöäÔöäÔöäÔöäÔöäÔöäÔöäÔöäÔöäÔöäÔöä[0m
[38;5;12mÔöé ­ƒÆí ­ƒôñ GET /users/me[0m
[38;5;12mÔöé ­ƒÆí [0m
[38;5;12mÔööÔöÇÔöÇÔöÇÔöÇÔöÇÔöÇÔöÇÔöÇÔöÇÔöÇÔöÇÔöÇÔöÇÔöÇÔöÇÔöÇÔöÇÔöÇÔöÇÔöÇÔöÇÔöÇÔöÇÔöÇÔöÇÔöÇÔöÇÔöÇÔöÇÔöÇÔöÇÔöÇÔöÇÔöÇÔöÇÔöÇÔöÇÔöÇÔöÇÔöÇÔöÇÔöÇÔöÇÔöÇÔöÇÔöÇÔöÇÔöÇÔöÇÔöÇÔöÇÔöÇÔöÇÔöÇÔöÇÔöÇÔöÇÔöÇÔöÇÔöÇÔöÇÔöÇÔöÇÔöÇÔöÇÔöÇÔöÇÔöÇÔöÇÔöÇÔöÇÔöÇÔöÇÔöÇÔöÇÔöÇÔöÇÔöÇÔöÇÔöÇÔöÇÔöÇÔöÇÔöÇÔöÇÔöÇÔöÇÔöÇÔöÇÔöÇÔöÇÔöÇÔöÇÔöÇÔöÇÔöÇÔöÇÔöÇÔöÇÔöÇÔöÇÔöÇÔöÇÔöÇÔöÇÔöÇÔöÇÔöÇÔöÇÔöÇÔöÇÔöÇÔöÇÔöÇÔöÇÔöÇÔöÇÔöÇÔöÇ[0m
[38;5;12mÔöîÔöÇÔöÇÔöÇÔöÇÔöÇÔöÇÔöÇÔöÇÔöÇÔöÇÔöÇÔöÇÔöÇÔöÇÔöÇÔöÇÔöÇÔöÇÔöÇÔöÇÔöÇÔöÇÔöÇÔöÇÔöÇÔöÇÔöÇÔöÇÔöÇÔöÇÔöÇÔöÇÔöÇÔöÇÔöÇÔöÇÔöÇÔöÇÔöÇÔöÇÔöÇÔöÇÔöÇÔöÇÔöÇÔöÇÔöÇÔöÇÔöÇÔöÇÔöÇÔöÇÔöÇÔöÇÔöÇÔöÇÔöÇÔöÇÔöÇÔöÇÔöÇÔöÇÔöÇÔöÇÔöÇÔöÇÔöÇÔöÇÔöÇÔöÇÔöÇÔöÇÔöÇÔöÇÔöÇÔöÇÔöÇÔöÇÔöÇÔöÇÔöÇÔöÇÔöÇÔöÇÔöÇÔöÇÔöÇÔöÇÔöÇÔöÇÔöÇÔöÇÔöÇÔöÇÔöÇÔöÇÔöÇÔöÇÔöÇÔöÇÔöÇÔöÇÔöÇÔöÇÔöÇÔöÇÔöÇÔöÇÔöÇÔöÇÔöÇÔöÇÔöÇÔöÇÔöÇÔöÇÔöÇÔöÇÔöÇ[0m
[38;5;12mÔöé #0   package:controle_habitos/utils/api_exceptions.dart 44:5                           logResponse[0m
[38;5;12mÔöé #1   package:controle_habitos/services/auth_service.dart 93:17                         <fn>[0m
[38;5;12mÔö£ÔöäÔöäÔöäÔöäÔöäÔöäÔöäÔöäÔöäÔöäÔöäÔöäÔöäÔöäÔöäÔöäÔöäÔöäÔöäÔöäÔöäÔöäÔöäÔöäÔöäÔöäÔöäÔöäÔöäÔöäÔöäÔöäÔöäÔöäÔöäÔöäÔöäÔöäÔöäÔöäÔöäÔöäÔöäÔöäÔöäÔöäÔöäÔöäÔöäÔöäÔöäÔöäÔöäÔöäÔöäÔöäÔöäÔöäÔöäÔöäÔöäÔöäÔöäÔöäÔöäÔöäÔöäÔöäÔöäÔöäÔöäÔöäÔöäÔöäÔöäÔöäÔöäÔöäÔöäÔöäÔöäÔöäÔöäÔöäÔöäÔöäÔöäÔöäÔöäÔöäÔöäÔöäÔöäÔöäÔöäÔöäÔöäÔöäÔöäÔöäÔöäÔöäÔöäÔöäÔöäÔöäÔöäÔöäÔöäÔöäÔöäÔöäÔöäÔöäÔöäÔöäÔöäÔöäÔöä[0m
[38;5;12mÔöé 08:24:44.012 (+0:00:00.992000)[0m
[38;5;12mÔö£ÔöäÔöäÔöäÔöäÔöäÔöäÔöäÔöäÔöäÔöäÔöäÔöäÔöäÔöäÔöäÔöäÔöäÔöäÔöäÔöäÔöäÔöäÔöäÔöäÔöäÔöäÔöäÔöäÔöäÔöäÔöäÔöäÔöäÔöäÔöäÔöäÔöäÔöäÔöäÔöäÔöäÔöäÔöäÔöäÔöäÔöäÔöäÔöäÔöäÔöäÔöäÔöäÔöäÔöäÔöäÔöäÔöäÔöäÔöäÔöäÔöäÔöäÔöäÔöäÔöäÔöäÔöäÔöäÔöäÔöäÔöäÔöäÔöäÔöäÔöäÔöäÔöäÔöäÔöäÔöäÔöäÔöäÔöäÔöäÔöäÔöäÔöäÔöäÔöäÔöäÔöäÔöäÔöäÔöäÔöäÔöäÔöäÔöäÔöäÔöäÔöäÔöäÔöäÔöäÔöäÔöäÔöäÔöäÔöäÔöäÔöäÔöäÔöäÔöäÔöäÔöäÔöäÔöäÔöä[0m
[38;5;12mÔöé ­ƒÆí ­ƒôÑ /users/me [200][0m
[38;5;12mÔöé ­ƒÆí Response: {name: Jo├úo Silva, email: joao@example.com, id: 1, created_at: 2026-02-03T11:01:39.308762Z, stats: null, habits: []}[0m
[38;5;12mÔööÔöÇÔöÇÔöÇÔöÇÔöÇÔöÇÔöÇÔöÇÔöÇÔöÇÔöÇÔöÇÔöÇÔöÇÔöÇÔöÇÔöÇÔöÇÔöÇÔöÇÔöÇÔöÇÔöÇÔöÇÔöÇÔöÇÔöÇÔöÇÔöÇÔöÇÔöÇÔöÇÔöÇÔöÇÔöÇÔöÇÔöÇÔöÇÔöÇÔöÇÔöÇÔöÇÔöÇÔöÇÔöÇÔöÇÔöÇÔöÇÔöÇÔöÇÔöÇÔöÇÔöÇÔöÇÔöÇÔöÇÔöÇÔöÇÔöÇÔöÇÔöÇÔöÇÔöÇÔöÇÔöÇÔöÇÔöÇÔöÇÔöÇÔöÇÔöÇÔöÇÔöÇÔöÇÔöÇÔöÇÔöÇÔöÇÔöÇÔöÇÔöÇÔöÇÔöÇÔöÇÔöÇÔöÇÔöÇÔöÇÔöÇÔöÇÔöÇÔöÇÔöÇÔöÇÔöÇÔöÇÔöÇÔöÇÔöÇÔöÇÔöÇÔöÇÔöÇÔöÇÔöÇÔöÇÔöÇÔöÇÔöÇÔöÇÔöÇÔöÇÔöÇÔöÇÔöÇÔöÇÔöÇÔöÇÔöÇ[0m
[38;5;12mÔöîÔöÇÔöÇÔöÇÔöÇÔöÇÔöÇÔöÇÔöÇÔöÇÔöÇÔöÇÔöÇÔöÇÔöÇÔöÇÔöÇÔöÇÔöÇÔöÇÔöÇÔöÇÔöÇÔöÇÔöÇÔöÇÔöÇÔöÇÔöÇÔöÇÔöÇÔöÇÔöÇÔöÇÔöÇÔöÇÔöÇÔöÇÔöÇÔöÇÔöÇÔöÇÔöÇÔöÇÔöÇÔöÇÔöÇÔöÇÔöÇÔöÇÔöÇÔöÇÔöÇÔöÇÔöÇÔöÇÔöÇÔöÇÔöÇÔöÇÔöÇÔöÇÔöÇÔöÇÔöÇÔöÇÔöÇÔöÇÔöÇÔöÇÔöÇÔöÇÔöÇÔöÇÔöÇÔöÇÔöÇÔöÇÔöÇÔöÇÔöÇÔöÇÔöÇÔöÇÔöÇÔöÇÔöÇÔöÇÔöÇÔöÇÔöÇÔöÇÔöÇÔöÇÔöÇÔöÇÔöÇÔöÇÔöÇÔöÇÔöÇÔöÇÔöÇÔöÇÔöÇÔöÇÔöÇÔöÇÔöÇÔöÇÔöÇÔöÇÔöÇÔöÇÔöÇÔöÇÔöÇÔöÇÔöÇÔöÇ[0m
[38;5;12mÔöé #0   package:controle_habitos/utils/api_exceptions.dart 40:5                           logRequest[0m
[38;5;12mÔöé #1   package:controle_habitos/services/habit_service.dart 22:17                        <fn>[0m
[38;5;12mÔö£ÔöäÔöäÔöäÔöäÔöäÔöäÔöäÔöäÔöäÔöäÔöäÔöäÔöäÔöäÔöäÔöäÔöäÔöäÔöäÔöäÔöäÔöäÔöäÔöäÔöäÔöäÔöäÔöäÔöäÔöäÔöäÔöäÔöäÔöäÔöäÔöäÔöäÔöäÔöäÔöäÔöäÔöäÔöäÔöäÔöäÔöäÔöäÔöäÔöäÔöäÔöäÔöäÔöäÔöäÔöäÔöäÔöäÔöäÔöäÔöäÔöäÔöäÔöäÔöäÔöäÔöäÔöäÔöäÔöäÔöäÔöäÔöäÔöäÔöäÔöäÔöäÔöäÔöäÔöäÔöäÔöäÔöäÔöäÔöäÔöäÔöäÔöäÔöäÔöäÔöäÔöäÔöäÔöäÔöäÔöäÔöäÔöäÔöäÔöäÔöäÔöäÔöäÔöäÔöäÔöäÔöäÔöäÔöäÔöäÔöäÔöäÔöäÔöäÔöäÔöäÔöäÔöäÔöäÔöä[0m
[38;5;12mÔöé 08:24:44.051 (+0:00:01.031000)[0m
[38;5;12mÔö£ÔöäÔöäÔöäÔöäÔöäÔöäÔöäÔöäÔöäÔöäÔöäÔöäÔöäÔöäÔöäÔöäÔöäÔöäÔöäÔöäÔöäÔöäÔöäÔöäÔöäÔöäÔöäÔöäÔöäÔöäÔöäÔöäÔöäÔöäÔöäÔöäÔöäÔöäÔöäÔöäÔöäÔöäÔöäÔöäÔöäÔöäÔöäÔöäÔöäÔöäÔöäÔöäÔöäÔöäÔöäÔöäÔöäÔöäÔöäÔöäÔöäÔöäÔöäÔöäÔöäÔöäÔöäÔöäÔöäÔöäÔöäÔöäÔöäÔöäÔöäÔöäÔöäÔöäÔöäÔöäÔöäÔöäÔöäÔöäÔöäÔöäÔöäÔöäÔöäÔöäÔöäÔöäÔöäÔöäÔöäÔöäÔöäÔöäÔöäÔöäÔöäÔöäÔöäÔöäÔöäÔöäÔöäÔöäÔöäÔöäÔöäÔöäÔöäÔöäÔöäÔöäÔöäÔöäÔöä[0m
[38;5;12mÔöé ­ƒÆí ­ƒôñ GET /habits[0m
[38;5;12mÔöé ­ƒÆí [0m
[38;5;12mÔööÔöÇÔöÇÔöÇÔöÇÔöÇÔöÇÔöÇÔöÇÔöÇÔöÇÔöÇÔöÇÔöÇÔöÇÔöÇÔöÇÔöÇÔöÇÔöÇÔöÇÔöÇÔöÇÔöÇÔöÇÔöÇÔöÇÔöÇÔöÇÔöÇÔöÇÔöÇÔöÇÔöÇÔöÇÔöÇÔöÇÔöÇÔöÇÔöÇÔöÇÔöÇÔöÇÔöÇÔöÇÔöÇÔöÇÔöÇÔöÇÔöÇÔöÇÔöÇÔöÇÔöÇÔöÇÔöÇÔöÇÔöÇÔöÇÔöÇÔöÇÔöÇÔöÇÔöÇÔöÇÔöÇÔöÇÔöÇÔöÇÔöÇÔöÇÔöÇÔöÇÔöÇÔöÇÔöÇÔöÇÔöÇÔöÇÔöÇÔöÇÔöÇÔöÇÔöÇÔöÇÔöÇÔöÇÔöÇÔöÇÔöÇÔöÇÔöÇÔöÇÔöÇÔöÇÔöÇÔöÇÔöÇÔöÇÔöÇÔöÇÔöÇÔöÇÔöÇÔöÇÔöÇÔöÇÔöÇÔöÇÔöÇÔöÇÔöÇÔöÇÔöÇÔöÇÔöÇÔöÇÔöÇÔöÇÔöÇ[0m
[38;5;12mÔöîÔöÇÔöÇÔöÇÔöÇÔöÇÔöÇÔöÇÔöÇÔöÇÔöÇÔöÇÔöÇÔöÇÔöÇÔöÇÔöÇÔöÇÔöÇÔöÇÔöÇÔöÇÔöÇÔöÇÔöÇÔöÇÔöÇÔöÇÔöÇÔöÇÔöÇÔöÇÔöÇÔöÇÔöÇÔöÇÔöÇÔöÇÔöÇÔöÇÔöÇÔöÇÔöÇÔöÇÔöÇÔöÇÔöÇÔöÇÔöÇÔöÇÔöÇÔöÇÔöÇÔöÇÔöÇÔöÇÔöÇÔöÇÔöÇÔöÇÔöÇÔöÇÔöÇÔöÇÔöÇÔöÇÔöÇÔöÇÔöÇÔöÇÔöÇÔöÇÔöÇÔöÇÔöÇÔöÇÔöÇÔöÇÔöÇÔöÇÔöÇÔöÇÔöÇÔöÇÔöÇÔöÇÔöÇÔöÇÔöÇÔöÇÔöÇÔöÇÔöÇÔöÇÔöÇÔöÇÔöÇÔöÇÔöÇÔöÇÔöÇÔöÇÔöÇÔöÇÔöÇÔöÇÔöÇÔöÇÔöÇÔöÇÔöÇÔöÇÔöÇÔöÇÔöÇÔöÇÔöÇÔöÇÔöÇÔöÇ[0m
[38;5;12mÔöé #0   package:controle_habitos/utils/api_exceptions.dart 40:5                           logRequest[0m
[38;5;12mÔöé #1   package:controle_habitos/services/stats_service.dart 22:17                        <fn>[0m
[38;5;12mÔö£ÔöäÔöäÔöäÔöäÔöäÔöäÔöäÔöäÔöäÔöäÔöäÔöäÔöäÔöäÔöäÔöäÔöäÔöäÔöäÔöäÔöäÔöäÔöäÔöäÔöäÔöäÔöäÔöäÔöäÔöäÔöäÔöäÔöäÔöäÔöäÔöäÔöäÔöäÔöäÔöäÔöäÔöäÔöäÔöäÔöäÔöäÔöäÔöäÔöäÔöäÔöäÔöäÔöäÔöäÔöäÔöäÔöäÔöäÔöäÔöäÔöäÔöäÔöäÔöäÔöäÔöäÔöäÔöäÔöäÔöäÔöäÔöäÔöäÔöäÔöäÔöäÔöäÔöäÔöäÔöäÔöäÔöäÔöäÔöäÔöäÔöäÔöäÔöäÔöäÔöäÔöäÔöäÔöäÔöäÔöäÔöäÔöäÔöäÔöäÔöäÔöäÔöäÔöäÔöäÔöäÔöäÔöäÔöäÔöäÔöäÔöäÔöäÔöäÔöäÔöäÔöäÔöäÔöäÔöä[0m
[38;5;12mÔöé 08:24:44.089 (+0:00:01.069000)[0m
[38;5;12mÔö£ÔöäÔöäÔöäÔöäÔöäÔöäÔöäÔöäÔöäÔöäÔöäÔöäÔöäÔöäÔöäÔöäÔöäÔöäÔöäÔöäÔöäÔöäÔöäÔöäÔöäÔöäÔöäÔöäÔöäÔöäÔöäÔöäÔöäÔöäÔöäÔöäÔöäÔöäÔöäÔöäÔöäÔöäÔöäÔöäÔöäÔöäÔöäÔöäÔöäÔöäÔöäÔöäÔöäÔöäÔöäÔöäÔöäÔöäÔöäÔöäÔöäÔöäÔöäÔöäÔöäÔöäÔöäÔöäÔöäÔöäÔöäÔöäÔöäÔöäÔöäÔöäÔöäÔöäÔöäÔöäÔöäÔöäÔöäÔöäÔöäÔöäÔöäÔöäÔöäÔöäÔöäÔöäÔöäÔöäÔöäÔöäÔöäÔöäÔöäÔöäÔöäÔöäÔöäÔöäÔöäÔöäÔöäÔöäÔöäÔöäÔöäÔöäÔöäÔöäÔöäÔöäÔöäÔöäÔöä[0m
[38;5;12mÔöé ­ƒÆí ­ƒôñ GET /stats/me[0m
[38;5;12mÔöé ­ƒÆí [0m
[38;5;12mÔööÔöÇÔöÇÔöÇÔöÇÔöÇÔöÇÔöÇÔöÇÔöÇÔöÇÔöÇÔöÇÔöÇÔöÇÔöÇÔöÇÔöÇÔöÇÔöÇÔöÇÔöÇÔöÇÔöÇÔöÇÔöÇÔöÇÔöÇÔöÇÔöÇÔöÇÔöÇÔöÇÔöÇÔöÇÔöÇÔöÇÔöÇÔöÇÔöÇÔöÇÔöÇÔöÇÔöÇÔöÇÔöÇÔöÇÔöÇÔöÇÔöÇÔöÇÔöÇÔöÇÔöÇÔöÇÔöÇÔöÇÔöÇÔöÇÔöÇÔöÇÔöÇÔöÇÔöÇÔöÇÔöÇÔöÇÔöÇÔöÇÔöÇÔöÇÔöÇÔöÇÔöÇÔöÇÔöÇÔöÇÔöÇÔöÇÔöÇÔöÇÔöÇÔöÇÔöÇÔöÇÔöÇÔöÇÔöÇÔöÇÔöÇÔöÇÔöÇÔöÇÔöÇÔöÇÔöÇÔöÇÔöÇÔöÇÔöÇÔöÇÔöÇÔöÇÔöÇÔöÇÔöÇÔöÇÔöÇÔöÇÔöÇÔöÇÔöÇÔöÇÔöÇÔöÇÔöÇÔöÇÔöÇÔöÇÔöÇ[0m
[38;5;12mÔöîÔöÇÔöÇÔöÇÔöÇÔöÇÔöÇÔöÇÔöÇÔöÇÔöÇÔöÇÔöÇÔöÇÔöÇÔöÇÔöÇÔöÇÔöÇÔöÇÔöÇÔöÇÔöÇÔöÇÔöÇÔöÇÔöÇÔöÇÔöÇÔöÇÔöÇÔöÇÔöÇÔöÇÔöÇÔöÇÔöÇÔöÇÔöÇÔöÇÔöÇÔöÇÔöÇÔöÇÔöÇÔöÇÔöÇÔöÇÔöÇÔöÇÔöÇÔöÇÔöÇÔöÇÔöÇÔöÇÔöÇÔöÇÔöÇÔöÇÔöÇÔöÇÔöÇÔöÇÔöÇÔöÇÔöÇÔöÇÔöÇÔöÇÔöÇÔöÇÔöÇÔöÇÔöÇÔöÇÔöÇÔöÇÔöÇÔöÇÔöÇÔöÇÔöÇÔöÇÔöÇÔöÇÔöÇÔöÇÔöÇÔöÇÔöÇÔöÇÔöÇÔöÇÔöÇÔöÇÔöÇÔöÇÔöÇÔöÇÔöÇÔöÇÔöÇÔöÇÔöÇÔöÇÔöÇÔöÇÔöÇÔöÇÔöÇÔöÇÔöÇÔöÇÔöÇÔöÇÔöÇÔöÇÔöÇÔöÇ[0m
[38;5;12mÔöé #0   package:controle_habitos/utils/api_exceptions.dart 44:5                           logResponse[0m
[38;5;12mÔöé #1   package:controle_habitos/services/stats_service.dart 28:17                        <fn>[0m
[38;5;12mÔö£ÔöäÔöäÔöäÔöäÔöäÔöäÔöäÔöäÔöäÔöäÔöäÔöäÔöäÔöäÔöäÔöäÔöäÔöäÔöäÔöäÔöäÔöäÔöäÔöäÔöäÔöäÔöäÔöäÔöäÔöäÔöäÔöäÔöäÔöäÔöäÔöäÔöäÔöäÔöäÔöäÔöäÔöäÔöäÔöäÔöäÔöäÔöäÔöäÔöäÔöäÔöäÔöäÔöäÔöäÔöäÔöäÔöäÔöäÔöäÔöäÔöäÔöäÔöäÔöäÔöäÔöäÔöäÔöäÔöäÔöäÔöäÔöäÔöäÔöäÔöäÔöäÔöäÔöäÔöäÔöäÔöäÔöäÔöäÔöäÔöäÔöäÔöäÔöäÔöäÔöäÔöäÔöäÔöäÔöäÔöäÔöäÔöäÔöäÔöäÔöäÔöäÔöäÔöäÔöäÔöäÔöäÔöäÔöäÔöäÔöäÔöäÔöäÔöäÔöäÔöäÔöäÔöäÔöäÔöä[0m
[38;5;12mÔöé 08:24:44.548 (+0:00:01.528000)[0m
[38;5;12mÔö£ÔöäÔöäÔöäÔöäÔöäÔöäÔöäÔöäÔöäÔöäÔöäÔöäÔöäÔöäÔöäÔöäÔöäÔöäÔöäÔöäÔöäÔöäÔöäÔöäÔöäÔöäÔöäÔöäÔöäÔöäÔöäÔöäÔöäÔöäÔöäÔöäÔöäÔöäÔöäÔöäÔöäÔöäÔöäÔöäÔöäÔöäÔöäÔöäÔöäÔöäÔöäÔöäÔöäÔöäÔöäÔöäÔöäÔöäÔöäÔöäÔöäÔöäÔöäÔöäÔöäÔöäÔöäÔöäÔöäÔöäÔöäÔöäÔöäÔöäÔöäÔöäÔöäÔöäÔöäÔöäÔöäÔöäÔöäÔöäÔöäÔöäÔöäÔöäÔöäÔöäÔöäÔöäÔöäÔöäÔöäÔöäÔöäÔöäÔöäÔöäÔöäÔöäÔöäÔöäÔöäÔöäÔöäÔöäÔöäÔöäÔöäÔöäÔöäÔöäÔöäÔöäÔöäÔöäÔöä[0m
[38;5;12mÔöé ­ƒÆí ­ƒôÑ /stats/me [200][0m
[38;5;12mÔöé ­ƒÆí Response: {total_points: 0, level: 1, streak: 0, id: 1, user_id: 1}[0m
[38;5;12mÔööÔöÇÔöÇÔöÇÔöÇÔöÇÔöÇÔöÇÔöÇÔöÇÔöÇÔöÇÔöÇÔöÇÔöÇÔöÇÔöÇÔöÇÔöÇÔöÇÔöÇÔöÇÔöÇÔöÇÔöÇÔöÇÔöÇÔöÇÔöÇÔöÇÔöÇÔöÇÔöÇÔöÇÔöÇÔöÇÔöÇÔöÇÔöÇÔöÇÔöÇÔöÇÔöÇÔöÇÔöÇÔöÇÔöÇÔöÇÔöÇÔöÇÔöÇÔöÇÔöÇÔöÇÔöÇÔöÇÔöÇÔöÇÔöÇÔöÇÔöÇÔöÇÔöÇÔöÇÔöÇÔöÇÔöÇÔöÇÔöÇÔöÇÔöÇÔöÇÔöÇÔöÇÔöÇÔöÇÔöÇÔöÇÔöÇÔöÇÔöÇÔöÇÔöÇÔöÇÔöÇÔöÇÔöÇÔöÇÔöÇÔöÇÔöÇÔöÇÔöÇÔöÇÔöÇÔöÇÔöÇÔöÇÔöÇÔöÇÔöÇÔöÇÔöÇÔöÇÔöÇÔöÇÔöÇÔöÇÔöÇÔöÇÔöÇÔöÇÔöÇÔöÇÔöÇÔöÇÔöÇÔöÇÔöÇÔöÇ[0m
[38;5;12mÔöîÔöÇÔöÇÔöÇÔöÇÔöÇÔöÇÔöÇÔöÇÔöÇÔöÇÔöÇÔöÇÔöÇÔöÇÔöÇÔöÇÔöÇÔöÇÔöÇÔöÇÔöÇÔöÇÔöÇÔöÇÔöÇÔöÇÔöÇÔöÇÔöÇÔöÇÔöÇÔöÇÔöÇÔöÇÔöÇÔöÇÔöÇÔöÇÔöÇÔöÇÔöÇÔöÇÔöÇÔöÇÔöÇÔöÇÔöÇÔöÇÔöÇÔöÇÔöÇÔöÇÔöÇÔöÇÔöÇÔöÇÔöÇÔöÇÔöÇÔöÇÔöÇÔöÇÔöÇÔöÇÔöÇÔöÇÔöÇÔöÇÔöÇÔöÇÔöÇÔöÇÔöÇÔöÇÔöÇÔöÇÔöÇÔöÇÔöÇÔöÇÔöÇÔöÇÔöÇÔöÇÔöÇÔöÇÔöÇÔöÇÔöÇÔöÇÔöÇÔöÇÔöÇÔöÇÔöÇÔöÇÔöÇÔöÇÔöÇÔöÇÔöÇÔöÇÔöÇÔöÇÔöÇÔöÇÔöÇÔöÇÔöÇÔöÇÔöÇÔöÇÔöÇÔöÇÔöÇÔöÇÔöÇÔöÇÔöÇ[0m
[38;5;12mÔöé #0   package:controle_habitos/utils/api_exceptions.dart 44:5                           logResponse[0m
[38;5;12mÔöé #1   package:controle_habitos/services/habit_service.dart 28:17                        <fn>[0m
[38;5;12mÔö£ÔöäÔöäÔöäÔöäÔöäÔöäÔöäÔöäÔöäÔöäÔöäÔöäÔöäÔöäÔöäÔöäÔöäÔöäÔöäÔöäÔöäÔöäÔöäÔöäÔöäÔöäÔöäÔöäÔöäÔöäÔöäÔöäÔöäÔöäÔöäÔöäÔöäÔöäÔöäÔöäÔöäÔöäÔöäÔöäÔöäÔöäÔöäÔöäÔöäÔöäÔöäÔöäÔöäÔöäÔöäÔöäÔöäÔöäÔöäÔöäÔöäÔöäÔöäÔöäÔöäÔöäÔöäÔöäÔöäÔöäÔöäÔöäÔöäÔöäÔöäÔöäÔöäÔöäÔöäÔöäÔöäÔöäÔöäÔöäÔöäÔöäÔöäÔöäÔöäÔöäÔöäÔöäÔöäÔöäÔöäÔöäÔöäÔöäÔöäÔöäÔöäÔöäÔöäÔöäÔöäÔöäÔöäÔöäÔöäÔöäÔöäÔöäÔöäÔöäÔöäÔöäÔöäÔöäÔöä[0m
[38;5;12mÔöé 08:24:44.648 (+0:00:01.628000)[0m
[38;5;12mÔö£ÔöäÔöäÔöäÔöäÔöäÔöäÔöäÔöäÔöäÔöäÔöäÔöäÔöäÔöäÔöäÔöäÔöäÔöäÔöäÔöäÔöäÔöäÔöäÔöäÔöäÔöäÔöäÔöäÔöäÔöäÔöäÔöäÔöäÔöäÔöäÔöäÔöäÔöäÔöäÔöäÔöäÔöäÔöäÔöäÔöäÔöäÔöäÔöäÔöäÔöäÔöäÔöäÔöäÔöäÔöäÔöäÔöäÔöäÔöäÔöäÔöäÔöäÔöäÔöäÔöäÔöäÔöäÔöäÔöäÔöäÔöäÔöäÔöäÔöäÔöäÔöäÔöäÔöäÔöäÔöäÔöäÔöäÔöäÔöäÔöäÔöäÔöäÔöäÔöäÔöäÔöäÔöäÔöäÔöäÔöäÔöäÔöäÔöäÔöäÔöäÔöäÔöäÔöäÔöäÔöäÔöäÔöäÔöäÔöäÔöäÔöäÔöäÔöäÔöäÔöäÔöäÔöäÔöäÔöä[0m
[38;5;12mÔöé ­ƒÆí ­ƒôÑ /habits [200][0m
[38;5;12mÔöé ­ƒÆí Response: [][0m
[38;5;12mÔööÔöÇÔöÇÔöÇÔöÇÔöÇÔöÇÔöÇÔöÇÔöÇÔöÇÔöÇÔöÇÔöÇÔöÇÔöÇÔöÇÔöÇÔöÇÔöÇÔöÇÔöÇÔöÇÔöÇÔöÇÔöÇÔöÇÔöÇÔöÇÔöÇÔöÇÔöÇÔöÇÔöÇÔöÇÔöÇÔöÇÔöÇÔöÇÔöÇÔöÇÔöÇÔöÇÔöÇÔöÇÔöÇÔöÇÔöÇÔöÇÔöÇÔöÇÔöÇÔöÇÔöÇÔöÇÔöÇÔöÇÔöÇÔöÇÔöÇÔöÇÔöÇÔöÇÔöÇÔöÇÔöÇÔöÇÔöÇÔöÇÔöÇÔöÇÔöÇÔöÇÔöÇÔöÇÔöÇÔöÇÔöÇÔöÇÔöÇÔöÇÔöÇÔöÇÔöÇÔöÇÔöÇÔöÇÔöÇÔöÇÔöÇÔöÇÔöÇÔöÇÔöÇÔöÇÔöÇÔöÇÔöÇÔöÇÔöÇÔöÇÔöÇÔöÇÔöÇÔöÇÔöÇÔöÇÔöÇÔöÇÔöÇÔöÇÔöÇÔöÇÔöÇÔöÇÔöÇÔöÇÔöÇÔöÇÔöÇ[0m
[38;5;12mÔöîÔöÇÔöÇÔöÇÔöÇÔöÇÔöÇÔöÇÔöÇÔöÇÔöÇÔöÇÔöÇÔöÇÔöÇÔöÇÔöÇÔöÇÔöÇÔöÇÔöÇÔöÇÔöÇÔöÇÔöÇÔöÇÔöÇÔöÇÔöÇÔöÇÔöÇÔöÇÔöÇÔöÇÔöÇÔöÇÔöÇÔöÇÔöÇÔöÇÔöÇÔöÇÔöÇÔöÇÔöÇÔöÇÔöÇÔöÇÔöÇÔöÇÔöÇÔöÇÔöÇÔöÇÔöÇÔöÇÔöÇÔöÇÔöÇÔöÇÔöÇÔöÇÔöÇÔöÇÔöÇÔöÇÔöÇÔöÇÔöÇÔöÇÔöÇÔöÇÔöÇÔöÇÔöÇÔöÇÔöÇÔöÇÔöÇÔöÇÔöÇÔöÇÔöÇÔöÇÔöÇÔöÇÔöÇÔöÇÔöÇÔöÇÔöÇÔöÇÔöÇÔöÇÔöÇÔöÇÔöÇÔöÇÔöÇÔöÇÔöÇÔöÇÔöÇÔöÇÔöÇÔöÇÔöÇÔöÇÔöÇÔöÇÔöÇÔöÇÔöÇÔöÇÔöÇÔöÇÔöÇÔöÇÔöÇÔöÇ[0m
[38;5;12mÔöé #0   package:controle_habitos/utils/api_exceptions.dart 40:5                           logRequest[0m
[38;5;12mÔöé #1   package:controle_habitos/services/habit_service.dart 52:17                        <fn>[0m
[38;5;12mÔö£ÔöäÔöäÔöäÔöäÔöäÔöäÔöäÔöäÔöäÔöäÔöäÔöäÔöäÔöäÔöäÔöäÔöäÔöäÔöäÔöäÔöäÔöäÔöäÔöäÔöäÔöäÔöäÔöäÔöäÔöäÔöäÔöäÔöäÔöäÔöäÔöäÔöäÔöäÔöäÔöäÔöäÔöäÔöäÔöäÔöäÔöäÔöäÔöäÔöäÔöäÔöäÔöäÔöäÔöäÔöäÔöäÔöäÔöäÔöäÔöäÔöäÔöäÔöäÔöäÔöäÔöäÔöäÔöäÔöäÔöäÔöäÔöäÔöäÔöäÔöäÔöäÔöäÔöäÔöäÔöäÔöäÔöäÔöäÔöäÔöäÔöäÔöäÔöäÔöäÔöäÔöäÔöäÔöäÔöäÔöäÔöäÔöäÔöäÔöäÔöäÔöäÔöäÔöäÔöäÔöäÔöäÔöäÔöäÔöäÔöäÔöäÔöäÔöäÔöäÔöäÔöäÔöäÔöäÔöä[0m
[38;5;12mÔöé 08:26:50.324 (+0:02:07.304000)[0m
[38;5;12mÔö£ÔöäÔöäÔöäÔöäÔöäÔöäÔöäÔöäÔöäÔöäÔöäÔöäÔöäÔöäÔöäÔöäÔöäÔöäÔöäÔöäÔöäÔöäÔöäÔöäÔöäÔöäÔöäÔöäÔöäÔöäÔöäÔöäÔöäÔöäÔöäÔöäÔöäÔöäÔöäÔöäÔöäÔöäÔöäÔöäÔöäÔöäÔöäÔöäÔöäÔöäÔöäÔöäÔöäÔöäÔöäÔöäÔöäÔöäÔöäÔöäÔöäÔöäÔöäÔöäÔöäÔöäÔöäÔöäÔöäÔöäÔöäÔöäÔöäÔöäÔöäÔöäÔöäÔöäÔöäÔöäÔöäÔöäÔöäÔöäÔöäÔöäÔöäÔöäÔöäÔöäÔöäÔöäÔöäÔöäÔöäÔöäÔöäÔöäÔöäÔöäÔöäÔöäÔöäÔöäÔöäÔöäÔöäÔöäÔöäÔöäÔöäÔöäÔöäÔöäÔöäÔöäÔöäÔöäÔöä[0m
[38;5;12mÔöé ­ƒÆí ­ƒôñ POST /habits[0m
[38;5;12mÔöé ­ƒÆí Data: {title: Fazer as atividades da escolar, description: Fazer as quest├Áes do livro de matematica da p├ígina 100 at├® 120. Data de entrega: 20/03/2026, frequency: monthly, points: 10, active: true}[0m
[38;5;12mÔööÔöÇÔöÇÔöÇÔöÇÔöÇÔöÇÔöÇÔöÇÔöÇÔöÇÔöÇÔöÇÔöÇÔöÇÔöÇÔöÇÔöÇÔöÇÔöÇÔöÇÔöÇÔöÇÔöÇÔöÇÔöÇÔöÇÔöÇÔöÇÔöÇÔöÇÔöÇÔöÇÔöÇÔöÇÔöÇÔöÇÔöÇÔöÇÔöÇÔöÇÔöÇÔöÇÔöÇÔöÇÔöÇÔöÇÔöÇÔöÇÔöÇÔöÇÔöÇÔöÇÔöÇÔöÇÔöÇÔöÇÔöÇÔöÇÔöÇÔöÇÔöÇÔöÇÔöÇÔöÇÔöÇÔöÇÔöÇÔöÇÔöÇÔöÇÔöÇÔöÇÔöÇÔöÇÔöÇÔöÇÔöÇÔöÇÔöÇÔöÇÔöÇÔöÇÔöÇÔöÇÔöÇÔöÇÔöÇÔöÇÔöÇÔöÇÔöÇÔöÇÔöÇÔöÇÔöÇÔöÇÔöÇÔöÇÔöÇÔöÇÔöÇÔöÇÔöÇÔöÇÔöÇÔöÇÔöÇÔöÇÔöÇÔöÇÔöÇÔöÇÔöÇÔöÇÔöÇÔöÇÔöÇÔöÇÔöÇ[0m
[38;5;12mÔöîÔöÇÔöÇÔöÇÔöÇÔöÇÔöÇÔöÇÔöÇÔöÇÔöÇÔöÇÔöÇÔöÇÔöÇÔöÇÔöÇÔöÇÔöÇÔöÇÔöÇÔöÇÔöÇÔöÇÔöÇÔöÇÔöÇÔöÇÔöÇÔöÇÔöÇÔöÇÔöÇÔöÇÔöÇÔöÇÔöÇÔöÇÔöÇÔöÇÔöÇÔöÇÔöÇÔöÇÔöÇÔöÇÔöÇÔöÇÔöÇÔöÇÔöÇÔöÇÔöÇÔöÇÔöÇÔöÇÔöÇÔöÇÔöÇÔöÇÔöÇÔöÇÔöÇÔöÇÔöÇÔöÇÔöÇÔöÇÔöÇÔöÇÔöÇÔöÇÔöÇÔöÇÔöÇÔöÇÔöÇÔöÇÔöÇÔöÇÔöÇÔöÇÔöÇÔöÇÔöÇÔöÇÔöÇÔöÇÔöÇÔöÇÔöÇÔöÇÔöÇÔöÇÔöÇÔöÇÔöÇÔöÇÔöÇÔöÇÔöÇÔöÇÔöÇÔöÇÔöÇÔöÇÔöÇÔöÇÔöÇÔöÇÔöÇÔöÇÔöÇÔöÇÔöÇÔöÇÔöÇÔöÇÔöÇÔöÇ[0m
[38;5;12mÔöé #0   package:controle_habitos/utils/api_exceptions.dart 44:5                           logResponse[0m
[38;5;12mÔöé #1   package:controle_habitos/services/habit_service.dart 73:17                        <fn>[0m
[38;5;12mÔö£ÔöäÔöäÔöäÔöäÔöäÔöäÔöäÔöäÔöäÔöäÔöäÔöäÔöäÔöäÔöäÔöäÔöäÔöäÔöäÔöäÔöäÔöäÔöäÔöäÔöäÔöäÔöäÔöäÔöäÔöäÔöäÔöäÔöäÔöäÔöäÔöäÔöäÔöäÔöäÔöäÔöäÔöäÔöäÔöäÔöäÔöäÔöäÔöäÔöäÔöäÔöäÔöäÔöäÔöäÔöäÔöäÔöäÔöäÔöäÔöäÔöäÔöäÔöäÔöäÔöäÔöäÔöäÔöäÔöäÔöäÔöäÔöäÔöäÔöäÔöäÔöäÔöäÔöäÔöäÔöäÔöäÔöäÔöäÔöäÔöäÔöäÔöäÔöäÔöäÔöäÔöäÔöäÔöäÔöäÔöäÔöäÔöäÔöäÔöäÔöäÔöäÔöäÔöäÔöäÔöäÔöäÔöäÔöäÔöäÔöäÔöäÔöäÔöäÔöäÔöäÔöäÔöäÔöäÔöä[0m
[38;5;12mÔöé 08:26:50.486 (+0:02:07.466000)[0m
[38;5;12mÔö£ÔöäÔöäÔöäÔöäÔöäÔöäÔöäÔöäÔöäÔöäÔöäÔöäÔöäÔöäÔöäÔöäÔöäÔöäÔöäÔöäÔöäÔöäÔöäÔöäÔöäÔöäÔöäÔöäÔöäÔöäÔöäÔöäÔöäÔöäÔöäÔöäÔöäÔöäÔöäÔöäÔöäÔöäÔöäÔöäÔöäÔöäÔöäÔöäÔöäÔöäÔöäÔöäÔöäÔöäÔöäÔöäÔöäÔöäÔöäÔöäÔöäÔöäÔöäÔöäÔöäÔöäÔöäÔöäÔöäÔöäÔöäÔöäÔöäÔöäÔöäÔöäÔöäÔöäÔöäÔöäÔöäÔöäÔöäÔöäÔöäÔöäÔöäÔöäÔöäÔöäÔöäÔöäÔöäÔöäÔöäÔöäÔöäÔöäÔöäÔöäÔöäÔöäÔöäÔöäÔöäÔöäÔöäÔöäÔöäÔöäÔöäÔöäÔöäÔöäÔöäÔöäÔöäÔöäÔöä[0m
[38;5;12mÔöé ­ƒÆí ­ƒôÑ /habits [201][0m
[38;5;12mÔöé ­ƒÆí Response: {title: Fazer as atividades da escolar, description: Fazer as quest├Áes do livro de matematica da p├ígina 100 at├® 120. Data de entrega: 20/03/2026, frequency: monthly, points: 10, active: true, id: 1, user_id: 1, created_at: 2026-02-03T11:26:50.411507Z}[0m
[38;5;12mÔööÔöÇÔöÇÔöÇÔöÇÔöÇÔöÇÔöÇÔöÇÔöÇÔöÇÔöÇÔöÇÔöÇÔöÇÔöÇÔöÇÔöÇÔöÇÔöÇÔöÇÔöÇÔöÇÔöÇÔöÇÔöÇÔöÇÔöÇÔöÇÔöÇÔöÇÔöÇÔöÇÔöÇÔöÇÔöÇÔöÇÔöÇÔöÇÔöÇÔöÇÔöÇÔöÇÔöÇÔöÇÔöÇÔöÇÔöÇÔöÇÔöÇÔöÇÔöÇÔöÇÔöÇÔöÇÔöÇÔöÇÔöÇÔöÇÔöÇÔöÇÔöÇÔöÇÔöÇÔöÇÔöÇÔöÇÔöÇÔöÇÔöÇÔöÇÔöÇÔöÇÔöÇÔöÇÔöÇÔöÇÔöÇÔöÇÔöÇÔöÇÔöÇÔöÇÔöÇÔöÇÔöÇÔöÇÔöÇÔöÇÔöÇÔöÇÔöÇÔöÇÔöÇÔöÇÔöÇÔöÇÔöÇÔöÇÔöÇÔöÇÔöÇÔöÇÔöÇÔöÇÔöÇÔöÇÔöÇÔöÇÔöÇÔöÇÔöÇÔöÇÔöÇÔöÇÔöÇÔöÇÔöÇÔöÇÔöÇ[0m
[38;5;12mÔöîÔöÇÔöÇÔöÇÔöÇÔöÇÔöÇÔöÇÔöÇÔöÇÔöÇÔöÇÔöÇÔöÇÔöÇÔöÇÔöÇÔöÇÔöÇÔöÇÔöÇÔöÇÔöÇÔöÇÔöÇÔöÇÔöÇÔöÇÔöÇÔöÇÔöÇÔöÇÔöÇÔöÇÔöÇÔöÇÔöÇÔöÇÔöÇÔöÇÔöÇÔöÇÔöÇÔöÇÔöÇÔöÇÔöÇÔöÇÔöÇÔöÇÔöÇÔöÇÔöÇÔöÇÔöÇÔöÇÔöÇÔöÇÔöÇÔöÇÔöÇÔöÇÔöÇÔöÇÔöÇÔöÇÔöÇÔöÇÔöÇÔöÇÔöÇÔöÇÔöÇÔöÇÔöÇÔöÇÔöÇÔöÇÔöÇÔöÇÔöÇÔöÇÔöÇÔöÇÔöÇÔöÇÔöÇÔöÇÔöÇÔöÇÔöÇÔöÇÔöÇÔöÇÔöÇÔöÇÔöÇÔöÇÔöÇÔöÇÔöÇÔöÇÔöÇÔöÇÔöÇÔöÇÔöÇÔöÇÔöÇÔöÇÔöÇÔöÇÔöÇÔöÇÔöÇÔöÇÔöÇÔöÇÔöÇÔöÇ[0m
[38;5;12mÔöé #0   package:controle_habitos/utils/api_exceptions.dart 40:5                           logRequest[0m
[38;5;12mÔöé #1   package:controle_habitos/services/habit_service.dart 22:17                        <fn>[0m
[38;5;12mÔö£ÔöäÔöäÔöäÔöäÔöäÔöäÔöäÔöäÔöäÔöäÔöäÔöäÔöäÔöäÔöäÔöäÔöäÔöäÔöäÔöäÔöäÔöäÔöäÔöäÔöäÔöäÔöäÔöäÔöäÔöäÔöäÔöäÔöäÔöäÔöäÔöäÔöäÔöäÔöäÔöäÔöäÔöäÔöäÔöäÔöäÔöäÔöäÔöäÔöäÔöäÔöäÔöäÔöäÔöäÔöäÔöäÔöäÔöäÔöäÔöäÔöäÔöäÔöäÔöäÔöäÔöäÔöäÔöäÔöäÔöäÔöäÔöäÔöäÔöäÔöäÔöäÔöäÔöäÔöäÔöäÔöäÔöäÔöäÔöäÔöäÔöäÔöäÔöäÔöäÔöäÔöäÔöäÔöäÔöäÔöäÔöäÔöäÔöäÔöäÔöäÔöäÔöäÔöäÔöäÔöäÔöäÔöäÔöäÔöäÔöäÔöäÔöäÔöäÔöäÔöäÔöäÔöäÔöäÔöä[0m
[38;5;12mÔöé 08:26:50.527 (+0:02:07.507000)[0m
[38;5;12mÔö£ÔöäÔöäÔöäÔöäÔöäÔöäÔöäÔöäÔöäÔöäÔöäÔöäÔöäÔöäÔöäÔöäÔöäÔöäÔöäÔöäÔöäÔöäÔöäÔöäÔöäÔöäÔöäÔöäÔöäÔöäÔöäÔöäÔöäÔöäÔöäÔöäÔöäÔöäÔöäÔöäÔöäÔöäÔöäÔöäÔöäÔöäÔöäÔöäÔöäÔöäÔöäÔöäÔöäÔöäÔöäÔöäÔöäÔöäÔöäÔöäÔöäÔöäÔöäÔöäÔöäÔöäÔöäÔöäÔöäÔöäÔöäÔöäÔöäÔöäÔöäÔöäÔöäÔöäÔöäÔöäÔöäÔöäÔöäÔöäÔöäÔöäÔöäÔöäÔöäÔöäÔöäÔöäÔöäÔöäÔöäÔöäÔöäÔöäÔöäÔöäÔöäÔöäÔöäÔöäÔöäÔöäÔöäÔöäÔöäÔöäÔöäÔöäÔöäÔöäÔöäÔöäÔöäÔöäÔöä[0m
[38;5;12mÔöé ­ƒÆí ­ƒôñ GET /habits[0m
[38;5;12mÔöé ­ƒÆí [0m
[38;5;12mÔööÔöÇÔöÇÔöÇÔöÇÔöÇÔöÇÔöÇÔöÇÔöÇÔöÇÔöÇÔöÇÔöÇÔöÇÔöÇÔöÇÔöÇÔöÇÔöÇÔöÇÔöÇÔöÇÔöÇÔöÇÔöÇÔöÇÔöÇÔöÇÔöÇÔöÇÔöÇÔöÇÔöÇÔöÇÔöÇÔöÇÔöÇÔöÇÔöÇÔöÇÔöÇÔöÇÔöÇÔöÇÔöÇÔöÇÔöÇÔöÇÔöÇÔöÇÔöÇÔöÇÔöÇÔöÇÔöÇÔöÇÔöÇÔöÇÔöÇÔöÇÔöÇÔöÇÔöÇÔöÇÔöÇÔöÇÔöÇÔöÇÔöÇÔöÇÔöÇÔöÇÔöÇÔöÇÔöÇÔöÇÔöÇÔöÇÔöÇÔöÇÔöÇÔöÇÔöÇÔöÇÔöÇÔöÇÔöÇÔöÇÔöÇÔöÇÔöÇÔöÇÔöÇÔöÇÔöÇÔöÇÔöÇÔöÇÔöÇÔöÇÔöÇÔöÇÔöÇÔöÇÔöÇÔöÇÔöÇÔöÇÔöÇÔöÇÔöÇÔöÇÔöÇÔöÇÔöÇÔöÇÔöÇÔöÇÔöÇ[0m
[38;5;12mÔöîÔöÇÔöÇÔöÇÔöÇÔöÇÔöÇÔöÇÔöÇÔöÇÔöÇÔöÇÔöÇÔöÇÔöÇÔöÇÔöÇÔöÇÔöÇÔöÇÔöÇÔöÇÔöÇÔöÇÔöÇÔöÇÔöÇÔöÇÔöÇÔöÇÔöÇÔöÇÔöÇÔöÇÔöÇÔöÇÔöÇÔöÇÔöÇÔöÇÔöÇÔöÇÔöÇÔöÇÔöÇÔöÇÔöÇÔöÇÔöÇÔöÇÔöÇÔöÇÔöÇÔöÇÔöÇÔöÇÔöÇÔöÇÔöÇÔöÇÔöÇÔöÇÔöÇÔöÇÔöÇÔöÇÔöÇÔöÇÔöÇÔöÇÔöÇÔöÇÔöÇÔöÇÔöÇÔöÇÔöÇÔöÇÔöÇÔöÇÔöÇÔöÇÔöÇÔöÇÔöÇÔöÇÔöÇÔöÇÔöÇÔöÇÔöÇÔöÇÔöÇÔöÇÔöÇÔöÇÔöÇÔöÇÔöÇÔöÇÔöÇÔöÇÔöÇÔöÇÔöÇÔöÇÔöÇÔöÇÔöÇÔöÇÔöÇÔöÇÔöÇÔöÇÔöÇÔöÇÔöÇÔöÇÔöÇÔöÇ[0m
[38;5;12mÔöé #0   package:controle_habitos/utils/api_exceptions.dart 44:5                           logResponse[0m
[38;5;12mÔöé #1   package:controle_habitos/services/habit_service.dart 28:17                        <fn>[0m
[38;5;12mÔö£ÔöäÔöäÔöäÔöäÔöäÔöäÔöäÔöäÔöäÔöäÔöäÔöäÔöäÔöäÔöäÔöäÔöäÔöäÔöäÔöäÔöäÔöäÔöäÔöäÔöäÔöäÔöäÔöäÔöäÔöäÔöäÔöäÔöäÔöäÔöäÔöäÔöäÔöäÔöäÔöäÔöäÔöäÔöäÔöäÔöäÔöäÔöäÔöäÔöäÔöäÔöäÔöäÔöäÔöäÔöäÔöäÔöäÔöäÔöäÔöäÔöäÔöäÔöäÔöäÔöäÔöäÔöäÔöäÔöäÔöäÔöäÔöäÔöäÔöäÔöäÔöäÔöäÔöäÔöäÔöäÔöäÔöäÔöäÔöäÔöäÔöäÔöäÔöäÔöäÔöäÔöäÔöäÔöäÔöäÔöäÔöäÔöäÔöäÔöäÔöäÔöäÔöäÔöäÔöäÔöäÔöäÔöäÔöäÔöäÔöäÔöäÔöäÔöäÔöäÔöäÔöäÔöäÔöäÔöä[0m
[38;5;12mÔöé 08:26:50.776 (+0:02:07.756000)[0m
[38;5;12mÔö£ÔöäÔöäÔöäÔöäÔöäÔöäÔöäÔöäÔöäÔöäÔöäÔöäÔöäÔöäÔöäÔöäÔöäÔöäÔöäÔöäÔöäÔöäÔöäÔöäÔöäÔöäÔöäÔöäÔöäÔöäÔöäÔöäÔöäÔöäÔöäÔöäÔöäÔöäÔöäÔöäÔöäÔöäÔöäÔöäÔöäÔöäÔöäÔöäÔöäÔöäÔöäÔöäÔöäÔöäÔöäÔöäÔöäÔöäÔöäÔöäÔöäÔöäÔöäÔöäÔöäÔöäÔöäÔöäÔöäÔöäÔöäÔöäÔöäÔöäÔöäÔöäÔöäÔöäÔöäÔöäÔöäÔöäÔöäÔöäÔöäÔöäÔöäÔöäÔöäÔöäÔöäÔöäÔöäÔöäÔöäÔöäÔöäÔöäÔöäÔöäÔöäÔöäÔöäÔöäÔöäÔöäÔöäÔöäÔöäÔöäÔöäÔöäÔöäÔöäÔöäÔöäÔöäÔöäÔöä[0m
[38;5;12mÔöé ­ƒÆí ­ƒôÑ /habits [200][0m
[38;5;12mÔöé ­ƒÆí Response: [{title: Fazer as atividades da escolar, description: Fazer as quest├Áes do livro de matematica da p├ígina 100 at├® 120. Data de entrega: 20/03/2026, frequency: monthly, points: 10, active: true, id: 1, user_id: 1, created_at: 2026-02-03T11:26:50.411507Z}][0m
[38;5;12mÔööÔöÇÔöÇÔöÇÔöÇÔöÇÔöÇÔöÇÔöÇÔöÇÔöÇÔöÇÔöÇÔöÇÔöÇÔöÇÔöÇÔöÇÔöÇÔöÇÔöÇÔöÇÔöÇÔöÇÔöÇÔöÇÔöÇÔöÇÔöÇÔöÇÔöÇÔöÇÔöÇÔöÇÔöÇÔöÇÔöÇÔöÇÔöÇÔöÇÔöÇÔöÇÔöÇÔöÇÔöÇÔöÇÔöÇÔöÇÔöÇÔöÇÔöÇÔöÇÔöÇÔöÇÔöÇÔöÇÔöÇÔöÇÔöÇÔöÇÔöÇÔöÇÔöÇÔöÇÔöÇÔöÇÔöÇÔöÇÔöÇÔöÇÔöÇÔöÇÔöÇÔöÇÔöÇÔöÇÔöÇÔöÇÔöÇÔöÇÔöÇÔöÇÔöÇÔöÇÔöÇÔöÇÔöÇÔöÇÔöÇÔöÇÔöÇÔöÇÔöÇÔöÇÔöÇÔöÇÔöÇÔöÇÔöÇÔöÇÔöÇÔöÇÔöÇÔöÇÔöÇÔöÇÔöÇÔöÇÔöÇÔöÇÔöÇÔöÇÔöÇÔöÇÔöÇÔöÇÔöÇÔöÇÔöÇÔöÇ[0m
[38;5;12mÔöîÔöÇÔöÇÔöÇÔöÇÔöÇÔöÇÔöÇÔöÇÔöÇÔöÇÔöÇÔöÇÔöÇÔöÇÔöÇÔöÇÔöÇÔöÇÔöÇÔöÇÔöÇÔöÇÔöÇÔöÇÔöÇÔöÇÔöÇÔöÇÔöÇÔöÇÔöÇÔöÇÔöÇÔöÇÔöÇÔöÇÔöÇÔöÇÔöÇÔöÇÔöÇÔöÇÔöÇÔöÇÔöÇÔöÇÔöÇÔöÇÔöÇÔöÇÔöÇÔöÇÔöÇÔöÇÔöÇÔöÇÔöÇÔöÇÔöÇÔöÇÔöÇÔöÇÔöÇÔöÇÔöÇÔöÇÔöÇÔöÇÔöÇÔöÇÔöÇÔöÇÔöÇÔöÇÔöÇÔöÇÔöÇÔöÇÔöÇÔöÇÔöÇÔöÇÔöÇÔöÇÔöÇÔöÇÔöÇÔöÇÔöÇÔöÇÔöÇÔöÇÔöÇÔöÇÔöÇÔöÇÔöÇÔöÇÔöÇÔöÇÔöÇÔöÇÔöÇÔöÇÔöÇÔöÇÔöÇÔöÇÔöÇÔöÇÔöÇÔöÇÔöÇÔöÇÔöÇÔöÇÔöÇÔöÇÔöÇ[0m
[38;5;12mÔöé #0   package:controle_habitos/utils/api_exceptions.dart 40:5                           logRequest[0m
[38;5;12mÔöé #1   package:controle_habitos/services/habit_service.dart 153:17                       <fn>[0m
[38;5;12mÔö£ÔöäÔöäÔöäÔöäÔöäÔöäÔöäÔöäÔöäÔöäÔöäÔöäÔöäÔöäÔöäÔöäÔöäÔöäÔöäÔöäÔöäÔöäÔöäÔöäÔöäÔöäÔöäÔöäÔöäÔöäÔöäÔöäÔöäÔöäÔöäÔöäÔöäÔöäÔöäÔöäÔöäÔöäÔöäÔöäÔöäÔöäÔöäÔöäÔöäÔöäÔöäÔöäÔöäÔöäÔöäÔöäÔöäÔöäÔöäÔöäÔöäÔöäÔöäÔöäÔöäÔöäÔöäÔöäÔöäÔöäÔöäÔöäÔöäÔöäÔöäÔöäÔöäÔöäÔöäÔöäÔöäÔöäÔöäÔöäÔöäÔöäÔöäÔöäÔöäÔöäÔöäÔöäÔöäÔöäÔöäÔöäÔöäÔöäÔöäÔöäÔöäÔöäÔöäÔöäÔöäÔöäÔöäÔöäÔöäÔöäÔöäÔöäÔöäÔöäÔöäÔöäÔöäÔöäÔöä[0m
[38;5;12mÔöé 08:27:08.694 (+0:02:25.674000)[0m
[38;5;12mÔö£ÔöäÔöäÔöäÔöäÔöäÔöäÔöäÔöäÔöäÔöäÔöäÔöäÔöäÔöäÔöäÔöäÔöäÔöäÔöäÔöäÔöäÔöäÔöäÔöäÔöäÔöäÔöäÔöäÔöäÔöäÔöäÔöäÔöäÔöäÔöäÔöäÔöäÔöäÔöäÔöäÔöäÔöäÔöäÔöäÔöäÔöäÔöäÔöäÔöäÔöäÔöäÔöäÔöäÔöäÔöäÔöäÔöäÔöäÔöäÔöäÔöäÔöäÔöäÔöäÔöäÔöäÔöäÔöäÔöäÔöäÔöäÔöäÔöäÔöäÔöäÔöäÔöäÔöäÔöäÔöäÔöäÔöäÔöäÔöäÔöäÔöäÔöäÔöäÔöäÔöäÔöäÔöäÔöäÔöäÔöäÔöäÔöäÔöäÔöäÔöäÔöäÔöäÔöäÔöäÔöäÔöäÔöäÔöäÔöäÔöäÔöäÔöäÔöäÔöäÔöäÔöäÔöäÔöäÔöä[0m
[38;5;12mÔöé ­ƒÆí ­ƒôñ DELETE /habits/1[0m
[38;5;12mÔöé ­ƒÆí [0m
[38;5;12mÔööÔöÇÔöÇÔöÇÔöÇÔöÇÔöÇÔöÇÔöÇÔöÇÔöÇÔöÇÔöÇÔöÇÔöÇÔöÇÔöÇÔöÇÔöÇÔöÇÔöÇÔöÇÔöÇÔöÇÔöÇÔöÇÔöÇÔöÇÔöÇÔöÇÔöÇÔöÇÔöÇÔöÇÔöÇÔöÇÔöÇÔöÇÔöÇÔöÇÔöÇÔöÇÔöÇÔöÇÔöÇÔöÇÔöÇÔöÇÔöÇÔöÇÔöÇÔöÇÔöÇÔöÇÔöÇÔöÇÔöÇÔöÇÔöÇÔöÇÔöÇÔöÇÔöÇÔöÇÔöÇÔöÇÔöÇÔöÇÔöÇÔöÇÔöÇÔöÇÔöÇÔöÇÔöÇÔöÇÔöÇÔöÇÔöÇÔöÇÔöÇÔöÇÔöÇÔöÇÔöÇÔöÇÔöÇÔöÇÔöÇÔöÇÔöÇÔöÇÔöÇÔöÇÔöÇÔöÇÔöÇÔöÇÔöÇÔöÇÔöÇÔöÇÔöÇÔöÇÔöÇÔöÇÔöÇÔöÇÔöÇÔöÇÔöÇÔöÇÔöÇÔöÇÔöÇÔöÇÔöÇÔöÇÔöÇÔöÇ[0m
[38;5;12mÔöîÔöÇÔöÇÔöÇÔöÇÔöÇÔöÇÔöÇÔöÇÔöÇÔöÇÔöÇÔöÇÔöÇÔöÇÔöÇÔöÇÔöÇÔöÇÔöÇÔöÇÔöÇÔöÇÔöÇÔöÇÔöÇÔöÇÔöÇÔöÇÔöÇÔöÇÔöÇÔöÇÔöÇÔöÇÔöÇÔöÇÔöÇÔöÇÔöÇÔöÇÔöÇÔöÇÔöÇÔöÇÔöÇÔöÇÔöÇÔöÇÔöÇÔöÇÔöÇÔöÇÔöÇÔöÇÔöÇÔöÇÔöÇÔöÇÔöÇÔöÇÔöÇÔöÇÔöÇÔöÇÔöÇÔöÇÔöÇÔöÇÔöÇÔöÇÔöÇÔöÇÔöÇÔöÇÔöÇÔöÇÔöÇÔöÇÔöÇÔöÇÔöÇÔöÇÔöÇÔöÇÔöÇÔöÇÔöÇÔöÇÔöÇÔöÇÔöÇÔöÇÔöÇÔöÇÔöÇÔöÇÔöÇÔöÇÔöÇÔöÇÔöÇÔöÇÔöÇÔöÇÔöÇÔöÇÔöÇÔöÇÔöÇÔöÇÔöÇÔöÇÔöÇÔöÇÔöÇÔöÇÔöÇÔöÇÔöÇ[0m
[38;5;12mÔöé #0   package:controle_habitos/utils/api_exceptions.dart 44:5                           logResponse[0m
[38;5;12mÔöé #1   package:controle_habitos/services/habit_service.dart 159:17                       <fn>[0m
[38;5;12mÔö£ÔöäÔöäÔöäÔöäÔöäÔöäÔöäÔöäÔöäÔöäÔöäÔöäÔöäÔöäÔöäÔöäÔöäÔöäÔöäÔöäÔöäÔöäÔöäÔöäÔöäÔöäÔöäÔöäÔöäÔöäÔöäÔöäÔöäÔöäÔöäÔöäÔöäÔöäÔöäÔöäÔöäÔöäÔöäÔöäÔöäÔöäÔöäÔöäÔöäÔöäÔöäÔöäÔöäÔöäÔöäÔöäÔöäÔöäÔöäÔöäÔöäÔöäÔöäÔöäÔöäÔöäÔöäÔöäÔöäÔöäÔöäÔöäÔöäÔöäÔöäÔöäÔöäÔöäÔöäÔöäÔöäÔöäÔöäÔöäÔöäÔöäÔöäÔöäÔöäÔöäÔöäÔöäÔöäÔöäÔöäÔöäÔöäÔöäÔöäÔöäÔöäÔöäÔöäÔöäÔöäÔöäÔöäÔöäÔöäÔöäÔöäÔöäÔöäÔöäÔöäÔöäÔöäÔöäÔöä[0m
[38;5;12mÔöé 08:27:08.810 (+0:02:25.790000)[0m
[38;5;12mÔö£ÔöäÔöäÔöäÔöäÔöäÔöäÔöäÔöäÔöäÔöäÔöäÔöäÔöäÔöäÔöäÔöäÔöäÔöäÔöäÔöäÔöäÔöäÔöäÔöäÔöäÔöäÔöäÔöäÔöäÔöäÔöäÔöäÔöäÔöäÔöäÔöäÔöäÔöäÔöäÔöäÔöäÔöäÔöäÔöäÔöäÔöäÔöäÔöäÔöäÔöäÔöäÔöäÔöäÔöäÔöäÔöäÔöäÔöäÔöäÔöäÔöäÔöäÔöäÔöäÔöäÔöäÔöäÔöäÔöäÔöäÔöäÔöäÔöäÔöäÔöäÔöäÔöäÔöäÔöäÔöäÔöäÔöäÔöäÔöäÔöäÔöäÔöäÔöäÔöäÔöäÔöäÔöäÔöäÔöäÔöäÔöäÔöäÔöäÔöäÔöäÔöäÔöäÔöäÔöäÔöäÔöäÔöäÔöäÔöäÔöäÔöäÔöäÔöäÔöäÔöäÔöäÔöäÔöäÔöä[0m
[38;5;12mÔöé ­ƒÆí ­ƒôÑ /habits/1 [204][0m
[38;5;12mÔöé ­ƒÆí Response: Deleted[0m
[38;5;12mÔööÔöÇÔöÇÔöÇÔöÇÔöÇÔöÇÔöÇÔöÇÔöÇÔöÇÔöÇÔöÇÔöÇÔöÇÔöÇÔöÇÔöÇÔöÇÔöÇÔöÇÔöÇÔöÇÔöÇÔöÇÔöÇÔöÇÔöÇÔöÇÔöÇÔöÇÔöÇÔöÇÔöÇÔöÇÔöÇÔöÇÔöÇÔöÇÔöÇÔöÇÔöÇÔöÇÔöÇÔöÇÔöÇÔöÇÔöÇÔöÇÔöÇÔöÇÔöÇÔöÇÔöÇÔöÇÔöÇÔöÇÔöÇÔöÇÔöÇÔöÇÔöÇÔöÇÔöÇÔöÇÔöÇÔöÇÔöÇÔöÇÔöÇÔöÇÔöÇÔöÇÔöÇÔöÇÔöÇÔöÇÔöÇÔöÇÔöÇÔöÇÔöÇÔöÇÔöÇÔöÇÔöÇÔöÇÔöÇÔöÇÔöÇÔöÇÔöÇÔöÇÔöÇÔöÇÔöÇÔöÇÔöÇÔöÇÔöÇÔöÇÔöÇÔöÇÔöÇÔöÇÔöÇÔöÇÔöÇÔöÇÔöÇÔöÇÔöÇÔöÇÔöÇÔöÇÔöÇÔöÇÔöÇÔöÇÔöÇ[0m
[38;5;12mÔöîÔöÇÔöÇÔöÇÔöÇÔöÇÔöÇÔöÇÔöÇÔöÇÔöÇÔöÇÔöÇÔöÇÔöÇÔöÇÔöÇÔöÇÔöÇÔöÇÔöÇÔöÇÔöÇÔöÇÔöÇÔöÇÔöÇÔöÇÔöÇÔöÇÔöÇÔöÇÔöÇÔöÇÔöÇÔöÇÔöÇÔöÇÔöÇÔöÇÔöÇÔöÇÔöÇÔöÇÔöÇÔöÇÔöÇÔöÇÔöÇÔöÇÔöÇÔöÇÔöÇÔöÇÔöÇÔöÇÔöÇÔöÇÔöÇÔöÇÔöÇÔöÇÔöÇÔöÇÔöÇÔöÇÔöÇÔöÇÔöÇÔöÇÔöÇÔöÇÔöÇÔöÇÔöÇÔöÇÔöÇÔöÇÔöÇÔöÇÔöÇÔöÇÔöÇÔöÇÔöÇÔöÇÔöÇÔöÇÔöÇÔöÇÔöÇÔöÇÔöÇÔöÇÔöÇÔöÇÔöÇÔöÇÔöÇÔöÇÔöÇÔöÇÔöÇÔöÇÔöÇÔöÇÔöÇÔöÇÔöÇÔöÇÔöÇÔöÇÔöÇÔöÇÔöÇÔöÇÔöÇÔöÇÔöÇÔöÇ[0m
[38;5;12mÔöé #0   package:controle_habitos/utils/api_exceptions.dart 40:5                           logRequest[0m
[38;5;12mÔöé #1   package:controle_habitos/services/habit_service.dart 22:17                        <fn>[0m
[38;5;12mÔö£ÔöäÔöäÔöäÔöäÔöäÔöäÔöäÔöäÔöäÔöäÔöäÔöäÔöäÔöäÔöäÔöäÔöäÔöäÔöäÔöäÔöäÔöäÔöäÔöäÔöäÔöäÔöäÔöäÔöäÔöäÔöäÔöäÔöäÔöäÔöäÔöäÔöäÔöäÔöäÔöäÔöäÔöäÔöäÔöäÔöäÔöäÔöäÔöäÔöäÔöäÔöäÔöäÔöäÔöäÔöäÔöäÔöäÔöäÔöäÔöäÔöäÔöäÔöäÔöäÔöäÔöäÔöäÔöäÔöäÔöäÔöäÔöäÔöäÔöäÔöäÔöäÔöäÔöäÔöäÔöäÔöäÔöäÔöäÔöäÔöäÔöäÔöäÔöäÔöäÔöäÔöäÔöäÔöäÔöäÔöäÔöäÔöäÔöäÔöäÔöäÔöäÔöäÔöäÔöäÔöäÔöäÔöäÔöäÔöäÔöäÔöäÔöäÔöäÔöäÔöäÔöäÔöäÔöäÔöä[0m
[38;5;12mÔöé 08:27:13.809 (+0:02:30.789000)[0m
[38;5;12mÔö£ÔöäÔöäÔöäÔöäÔöäÔöäÔöäÔöäÔöäÔöäÔöäÔöäÔöäÔöäÔöäÔöäÔöäÔöäÔöäÔöäÔöäÔöäÔöäÔöäÔöäÔöäÔöäÔöäÔöäÔöäÔöäÔöäÔöäÔöäÔöäÔöäÔöäÔöäÔöäÔöäÔöäÔöäÔöäÔöäÔöäÔöäÔöäÔöäÔöäÔöäÔöäÔöäÔöäÔöäÔöäÔöäÔöäÔöäÔöäÔöäÔöäÔöäÔöäÔöäÔöäÔöäÔöäÔöäÔöäÔöäÔöäÔöäÔöäÔöäÔöäÔöäÔöäÔöäÔöäÔöäÔöäÔöäÔöäÔöäÔöäÔöäÔöäÔöäÔöäÔöäÔöäÔöäÔöäÔöäÔöäÔöäÔöäÔöäÔöäÔöäÔöäÔöäÔöäÔöäÔöäÔöäÔöäÔöäÔöäÔöäÔöäÔöäÔöäÔöäÔöäÔöäÔöäÔöäÔöä[0m
[38;5;12mÔöé ­ƒÆí ­ƒôñ GET /habits[0m
[38;5;12mÔöé ­ƒÆí [0m
[38;5;12mÔööÔöÇÔöÇÔöÇÔöÇÔöÇÔöÇÔöÇÔöÇÔöÇÔöÇÔöÇÔöÇÔöÇÔöÇÔöÇÔöÇÔöÇÔöÇÔöÇÔöÇÔöÇÔöÇÔöÇÔöÇÔöÇÔöÇÔöÇÔöÇÔöÇÔöÇÔöÇÔöÇÔöÇÔöÇÔöÇÔöÇÔöÇÔöÇÔöÇÔöÇÔöÇÔöÇÔöÇÔöÇÔöÇÔöÇÔöÇÔöÇÔöÇÔöÇÔöÇÔöÇÔöÇÔöÇÔöÇÔöÇÔöÇÔöÇÔöÇÔöÇÔöÇÔöÇÔöÇÔöÇÔöÇÔöÇÔöÇÔöÇÔöÇÔöÇÔöÇÔöÇÔöÇÔöÇÔöÇÔöÇÔöÇÔöÇÔöÇÔöÇÔöÇÔöÇÔöÇÔöÇÔöÇÔöÇÔöÇÔöÇÔöÇÔöÇÔöÇÔöÇÔöÇÔöÇÔöÇÔöÇÔöÇÔöÇÔöÇÔöÇÔöÇÔöÇÔöÇÔöÇÔöÇÔöÇÔöÇÔöÇÔöÇÔöÇÔöÇÔöÇÔöÇÔöÇÔöÇÔöÇÔöÇÔöÇÔöÇ[0m
[38;5;12mÔöîÔöÇÔöÇÔöÇÔöÇÔöÇÔöÇÔöÇÔöÇÔöÇÔöÇÔöÇÔöÇÔöÇÔöÇÔöÇÔöÇÔöÇÔöÇÔöÇÔöÇÔöÇÔöÇÔöÇÔöÇÔöÇÔöÇÔöÇÔöÇÔöÇÔöÇÔöÇÔöÇÔöÇÔöÇÔöÇÔöÇÔöÇÔöÇÔöÇÔöÇÔöÇÔöÇÔöÇÔöÇÔöÇÔöÇÔöÇÔöÇÔöÇÔöÇÔöÇÔöÇÔöÇÔöÇÔöÇÔöÇÔöÇÔöÇÔöÇÔöÇÔöÇÔöÇÔöÇÔöÇÔöÇÔöÇÔöÇÔöÇÔöÇÔöÇÔöÇÔöÇÔöÇÔöÇÔöÇÔöÇÔöÇÔöÇÔöÇÔöÇÔöÇÔöÇÔöÇÔöÇÔöÇÔöÇÔöÇÔöÇÔöÇÔöÇÔöÇÔöÇÔöÇÔöÇÔöÇÔöÇÔöÇÔöÇÔöÇÔöÇÔöÇÔöÇÔöÇÔöÇÔöÇÔöÇÔöÇÔöÇÔöÇÔöÇÔöÇÔöÇÔöÇÔöÇÔöÇÔöÇÔöÇÔöÇÔöÇ[0m
[38;5;12mÔöé #0   package:controle_habitos/utils/api_exceptions.dart 40:5                           logRequest[0m
[38;5;12mÔöé #1   package:controle_habitos/services/stats_service.dart 22:17                        <fn>[0m
[38;5;12mÔö£ÔöäÔöäÔöäÔöäÔöäÔöäÔöäÔöäÔöäÔöäÔöäÔöäÔöäÔöäÔöäÔöäÔöäÔöäÔöäÔöäÔöäÔöäÔöäÔöäÔöäÔöäÔöäÔöäÔöäÔöäÔöäÔöäÔöäÔöäÔöäÔöäÔöäÔöäÔöäÔöäÔöäÔöäÔöäÔöäÔöäÔöäÔöäÔöäÔöäÔöäÔöäÔöäÔöäÔöäÔöäÔöäÔöäÔöäÔöäÔöäÔöäÔöäÔöäÔöäÔöäÔöäÔöäÔöäÔöäÔöäÔöäÔöäÔöäÔöäÔöäÔöäÔöäÔöäÔöäÔöäÔöäÔöäÔöäÔöäÔöäÔöäÔöäÔöäÔöäÔöäÔöäÔöäÔöäÔöäÔöäÔöäÔöäÔöäÔöäÔöäÔöäÔöäÔöäÔöäÔöäÔöäÔöäÔöäÔöäÔöäÔöäÔöäÔöäÔöäÔöäÔöäÔöäÔöäÔöä[0m
[38;5;12mÔöé 08:27:13.835 (+0:02:30.815000)[0m
[38;5;12mÔö£ÔöäÔöäÔöäÔöäÔöäÔöäÔöäÔöäÔöäÔöäÔöäÔöäÔöäÔöäÔöäÔöäÔöäÔöäÔöäÔöäÔöäÔöäÔöäÔöäÔöäÔöäÔöäÔöäÔöäÔöäÔöäÔöäÔöäÔöäÔöäÔöäÔöäÔöäÔöäÔöäÔöäÔöäÔöäÔöäÔöäÔöäÔöäÔöäÔöäÔöäÔöäÔöäÔöäÔöäÔöäÔöäÔöäÔöäÔöäÔöäÔöäÔöäÔöäÔöäÔöäÔöäÔöäÔöäÔöäÔöäÔöäÔöäÔöäÔöäÔöäÔöäÔöäÔöäÔöäÔöäÔöäÔöäÔöäÔöäÔöäÔöäÔöäÔöäÔöäÔöäÔöäÔöäÔöäÔöäÔöäÔöäÔöäÔöäÔöäÔöäÔöäÔöäÔöäÔöäÔöäÔöäÔöäÔöäÔöäÔöäÔöäÔöäÔöäÔöäÔöäÔöäÔöäÔöäÔöä[0m
[38;5;12mÔöé ­ƒÆí ­ƒôñ GET /stats/me[0m
[38;5;12mÔöé ­ƒÆí [0m
[38;5;12mÔööÔöÇÔöÇÔöÇÔöÇÔöÇÔöÇÔöÇÔöÇÔöÇÔöÇÔöÇÔöÇÔöÇÔöÇÔöÇÔöÇÔöÇÔöÇÔöÇÔöÇÔöÇÔöÇÔöÇÔöÇÔöÇÔöÇÔöÇÔöÇÔöÇÔöÇÔöÇÔöÇÔöÇÔöÇÔöÇÔöÇÔöÇÔöÇÔöÇÔöÇÔöÇÔöÇÔöÇÔöÇÔöÇÔöÇÔöÇÔöÇÔöÇÔöÇÔöÇÔöÇÔöÇÔöÇÔöÇÔöÇÔöÇÔöÇÔöÇÔöÇÔöÇÔöÇÔöÇÔöÇÔöÇÔöÇÔöÇÔöÇÔöÇÔöÇÔöÇÔöÇÔöÇÔöÇÔöÇÔöÇÔöÇÔöÇÔöÇÔöÇÔöÇÔöÇÔöÇÔöÇÔöÇÔöÇÔöÇÔöÇÔöÇÔöÇÔöÇÔöÇÔöÇÔöÇÔöÇÔöÇÔöÇÔöÇÔöÇÔöÇÔöÇÔöÇÔöÇÔöÇÔöÇÔöÇÔöÇÔöÇÔöÇÔöÇÔöÇÔöÇÔöÇÔöÇÔöÇÔöÇÔöÇÔöÇÔöÇ[0m
[38;5;12mÔöîÔöÇÔöÇÔöÇÔöÇÔöÇÔöÇÔöÇÔöÇÔöÇÔöÇÔöÇÔöÇÔöÇÔöÇÔöÇÔöÇÔöÇÔöÇÔöÇÔöÇÔöÇÔöÇÔöÇÔöÇÔöÇÔöÇÔöÇÔöÇÔöÇÔöÇÔöÇÔöÇÔöÇÔöÇÔöÇÔöÇÔöÇÔöÇÔöÇÔöÇÔöÇÔöÇÔöÇÔöÇÔöÇÔöÇÔöÇÔöÇÔöÇÔöÇÔöÇÔöÇÔöÇÔöÇÔöÇÔöÇÔöÇÔöÇÔöÇÔöÇÔöÇÔöÇÔöÇÔöÇÔöÇÔöÇÔöÇÔöÇÔöÇÔöÇÔöÇÔöÇÔöÇÔöÇÔöÇÔöÇÔöÇÔöÇÔöÇÔöÇÔöÇÔöÇÔöÇÔöÇÔöÇÔöÇÔöÇÔöÇÔöÇÔöÇÔöÇÔöÇÔöÇÔöÇÔöÇÔöÇÔöÇÔöÇÔöÇÔöÇÔöÇÔöÇÔöÇÔöÇÔöÇÔöÇÔöÇÔöÇÔöÇÔöÇÔöÇÔöÇÔöÇÔöÇÔöÇÔöÇÔöÇÔöÇÔöÇ[0m
[38;5;12mÔöé #0   package:controle_habitos/utils/api_exceptions.dart 44:5                           logResponse[0m
[38;5;12mÔöé #1   package:controle_habitos/services/habit_service.dart 28:17                        <fn>[0m
[38;5;12mÔö£ÔöäÔöäÔöäÔöäÔöäÔöäÔöäÔöäÔöäÔöäÔöäÔöäÔöäÔöäÔöäÔöäÔöäÔöäÔöäÔöäÔöäÔöäÔöäÔöäÔöäÔöäÔöäÔöäÔöäÔöäÔöäÔöäÔöäÔöäÔöäÔöäÔöäÔöäÔöäÔöäÔöäÔöäÔöäÔöäÔöäÔöäÔöäÔöäÔöäÔöäÔöäÔöäÔöäÔöäÔöäÔöäÔöäÔöäÔöäÔöäÔöäÔöäÔöäÔöäÔöäÔöäÔöäÔöäÔöäÔöäÔöäÔöäÔöäÔöäÔöäÔöäÔöäÔöäÔöäÔöäÔöäÔöäÔöäÔöäÔöäÔöäÔöäÔöäÔöäÔöäÔöäÔöäÔöäÔöäÔöäÔöäÔöäÔöäÔöäÔöäÔöäÔöäÔöäÔöäÔöäÔöäÔöäÔöäÔöäÔöäÔöäÔöäÔöäÔöäÔöäÔöäÔöäÔöäÔöä[0m
[38;5;12mÔöé 08:27:14.026 (+0:02:31.006000)[0m
[38;5;12mÔö£ÔöäÔöäÔöäÔöäÔöäÔöäÔöäÔöäÔöäÔöäÔöäÔöäÔöäÔöäÔöäÔöäÔöäÔöäÔöäÔöäÔöäÔöäÔöäÔöäÔöäÔöäÔöäÔöäÔöäÔöäÔöäÔöäÔöäÔöäÔöäÔöäÔöäÔöäÔöäÔöäÔöäÔöäÔöäÔöäÔöäÔöäÔöäÔöäÔöäÔöäÔöäÔöäÔöäÔöäÔöäÔöäÔöäÔöäÔöäÔöäÔöäÔöäÔöäÔöäÔöäÔöäÔöäÔöäÔöäÔöäÔöäÔöäÔöäÔöäÔöäÔöäÔöäÔöäÔöäÔöäÔöäÔöäÔöäÔöäÔöäÔöäÔöäÔöäÔöäÔöäÔöäÔöäÔöäÔöäÔöäÔöäÔöäÔöäÔöäÔöäÔöäÔöäÔöäÔöäÔöäÔöäÔöäÔöäÔöäÔöäÔöäÔöäÔöäÔöäÔöäÔöäÔöäÔöäÔöä[0m
[38;5;12mÔöé ­ƒÆí ­ƒôÑ /habits [200][0m
[38;5;12mÔöé ­ƒÆí Response: [][0m
[38;5;12mÔööÔöÇÔöÇÔöÇÔöÇÔöÇÔöÇÔöÇÔöÇÔöÇÔöÇÔöÇÔöÇÔöÇÔöÇÔöÇÔöÇÔöÇÔöÇÔöÇÔöÇÔöÇÔöÇÔöÇÔöÇÔöÇÔöÇÔöÇÔöÇÔöÇÔöÇÔöÇÔöÇÔöÇÔöÇÔöÇÔöÇÔöÇÔöÇÔöÇÔöÇÔöÇÔöÇÔöÇÔöÇÔöÇÔöÇÔöÇÔöÇÔöÇÔöÇÔöÇÔöÇÔöÇÔöÇÔöÇÔöÇÔöÇÔöÇÔöÇÔöÇÔöÇÔöÇÔöÇÔöÇÔöÇÔöÇÔöÇÔöÇÔöÇÔöÇÔöÇÔöÇÔöÇÔöÇÔöÇÔöÇÔöÇÔöÇÔöÇÔöÇÔöÇÔöÇÔöÇÔöÇÔöÇÔöÇÔöÇÔöÇÔöÇÔöÇÔöÇÔöÇÔöÇÔöÇÔöÇÔöÇÔöÇÔöÇÔöÇÔöÇÔöÇÔöÇÔöÇÔöÇÔöÇÔöÇÔöÇÔöÇÔöÇÔöÇÔöÇÔöÇÔöÇÔöÇÔöÇÔöÇÔöÇÔöÇÔöÇ[0m
[38;5;12mÔöîÔöÇÔöÇÔöÇÔöÇÔöÇÔöÇÔöÇÔöÇÔöÇÔöÇÔöÇÔöÇÔöÇÔöÇÔöÇÔöÇÔöÇÔöÇÔöÇÔöÇÔöÇÔöÇÔöÇÔöÇÔöÇÔöÇÔöÇÔöÇÔöÇÔöÇÔöÇÔöÇÔöÇÔöÇÔöÇÔöÇÔöÇÔöÇÔöÇÔöÇÔöÇÔöÇÔöÇÔöÇÔöÇÔöÇÔöÇÔöÇÔöÇÔöÇÔöÇÔöÇÔöÇÔöÇÔöÇÔöÇÔöÇÔöÇÔöÇÔöÇÔöÇÔöÇÔöÇÔöÇÔöÇÔöÇÔöÇÔöÇÔöÇÔöÇÔöÇÔöÇÔöÇÔöÇÔöÇÔöÇÔöÇÔöÇÔöÇÔöÇÔöÇÔöÇÔöÇÔöÇÔöÇÔöÇÔöÇÔöÇÔöÇÔöÇÔöÇÔöÇÔöÇÔöÇÔöÇÔöÇÔöÇÔöÇÔöÇÔöÇÔöÇÔöÇÔöÇÔöÇÔöÇÔöÇÔöÇÔöÇÔöÇÔöÇÔöÇÔöÇÔöÇÔöÇÔöÇÔöÇÔöÇÔöÇÔöÇ[0m
[38;5;12mÔöé #0   package:controle_habitos/utils/api_exceptions.dart 44:5                           logResponse[0m
[38;5;12mÔöé #1   package:controle_habitos/services/stats_service.dart 28:17                        <fn>[0m
[38;5;12mÔö£ÔöäÔöäÔöäÔöäÔöäÔöäÔöäÔöäÔöäÔöäÔöäÔöäÔöäÔöäÔöäÔöäÔöäÔöäÔöäÔöäÔöäÔöäÔöäÔöäÔöäÔöäÔöäÔöäÔöäÔöäÔöäÔöäÔöäÔöäÔöäÔöäÔöäÔöäÔöäÔöäÔöäÔöäÔöäÔöäÔöäÔöäÔöäÔöäÔöäÔöäÔöäÔöäÔöäÔöäÔöäÔöäÔöäÔöäÔöäÔöäÔöäÔöäÔöäÔöäÔöäÔöäÔöäÔöäÔöäÔöäÔöäÔöäÔöäÔöäÔöäÔöäÔöäÔöäÔöäÔöäÔöäÔöäÔöäÔöäÔöäÔöäÔöäÔöäÔöäÔöäÔöäÔöäÔöäÔöäÔöäÔöäÔöäÔöäÔöäÔöäÔöäÔöäÔöäÔöäÔöäÔöäÔöäÔöäÔöäÔöäÔöäÔöäÔöäÔöäÔöäÔöäÔöäÔöäÔöä[0m
[38;5;12mÔöé 08:27:14.068 (+0:02:31.048000)[0m
[38;5;12mÔö£ÔöäÔöäÔöäÔöäÔöäÔöäÔöäÔöäÔöäÔöäÔöäÔöäÔöäÔöäÔöäÔöäÔöäÔöäÔöäÔöäÔöäÔöäÔöäÔöäÔöäÔöäÔöäÔöäÔöäÔöäÔöäÔöäÔöäÔöäÔöäÔöäÔöäÔöäÔöäÔöäÔöäÔöäÔöäÔöäÔöäÔöäÔöäÔöäÔöäÔöäÔöäÔöäÔöäÔöäÔöäÔöäÔöäÔöäÔöäÔöäÔöäÔöäÔöäÔöäÔöäÔöäÔöäÔöäÔöäÔöäÔöäÔöäÔöäÔöäÔöäÔöäÔöäÔöäÔöäÔöäÔöäÔöäÔöäÔöäÔöäÔöäÔöäÔöäÔöäÔöäÔöäÔöäÔöäÔöäÔöäÔöäÔöäÔöäÔöäÔöäÔöäÔöäÔöäÔöäÔöäÔöäÔöäÔöäÔöäÔöäÔöäÔöäÔöäÔöäÔöäÔöäÔöäÔöäÔöä[0m
[38;5;12mÔöé ­ƒÆí ­ƒôÑ /stats/me [200][0m
[38;5;12mÔöé ­ƒÆí Response: {total_points: 0, level: 1, streak: 0, id: 1, user_id: 1}[0m
[38;5;12mÔööÔöÇÔöÇÔöÇÔöÇÔöÇÔöÇÔöÇÔöÇÔöÇÔöÇÔöÇÔöÇÔöÇÔöÇÔöÇÔöÇÔöÇÔöÇÔöÇÔöÇÔöÇÔöÇÔöÇÔöÇÔöÇÔöÇÔöÇÔöÇÔöÇÔöÇÔöÇÔöÇÔöÇÔöÇÔöÇÔöÇÔöÇÔöÇÔöÇÔöÇÔöÇÔöÇÔöÇÔöÇÔöÇÔöÇÔöÇÔöÇÔöÇÔöÇÔöÇÔöÇÔöÇÔöÇÔöÇÔöÇÔöÇÔöÇÔöÇÔöÇÔöÇÔöÇÔöÇÔöÇÔöÇÔöÇÔöÇÔöÇÔöÇÔöÇÔöÇÔöÇÔöÇÔöÇÔöÇÔöÇÔöÇÔöÇÔöÇÔöÇÔöÇÔöÇÔöÇÔöÇÔöÇÔöÇÔöÇÔöÇÔöÇÔöÇÔöÇÔöÇÔöÇÔöÇÔöÇÔöÇÔöÇÔöÇÔöÇÔöÇÔöÇÔöÇÔöÇÔöÇÔöÇÔöÇÔöÇÔöÇÔöÇÔöÇÔöÇÔöÇÔöÇÔöÇÔöÇÔöÇÔöÇÔöÇÔöÇ[0m
Application finished.
